Exercise 8-2: Least-squares orbit determination

Measurements

     Date          UTC       Az[deg]   El[deg]   Range[km]
  1995/03/30  00:20:00.000   196.280    49.179    6606.330
  1995/03/30  00:40:00.000   148.760    55.273   11459.583
  1995/03/30  01:00:00.000   133.129    53.164   15939.297
  1995/03/30  01:20:00.000   126.894    52.313   19747.027
  1995/03/30  01:40:00.000   124.077    52.575   22978.425
  1995/03/30  02:00:00.000   122.943    53.574   25728.144

Iteration Nr. 1

  Residuals:

     Date          UTC       Az[deg]   El[deg]  Range[m]
  1995/03/30  00:20:00.000     0.100    -0.002    5479.1
  1995/03/30  00:40:00.000     0.063     0.044   14250.5
  1995/03/30  01:00:00.000     0.055     0.063   28320.9
  1995/03/30  01:20:00.000     0.065     0.081   45272.4
  1995/03/30  01:40:00.000     0.083     0.100   64708.7
  1995/03/30  02:00:00.000     0.108     0.120   86542.9

  Correction:

  Pos   -9946.9    5188.4   -1124.9  m  
  Vel    0.8918   -3.0984    0.3215  m/s

Iteration Nr. 2

  Residuals:

     Date          UTC       Az[deg]   El[deg]  Range[m]
  1995/03/30  00:20:00.000     0.001     0.002      -4.5
  1995/03/30  00:40:00.000    -0.001     0.001       0.8
  1995/03/30  01:00:00.000    -0.001     0.001      10.0
  1995/03/30  01:20:00.000    -0.001     0.000      24.7
  1995/03/30  01:40:00.000    -0.001     0.000      43.6
  1995/03/30  02:00:00.000    -0.000     0.000      66.1

  Correction:

  Pos     -53.1    -188.3     124.8  m  
  Vel    0.1082    0.0983    0.1784  m/s

Iteration Nr. 3

  Residuals:

     Date          UTC       Az[deg]   El[deg]  Range[m]
  1995/03/30  00:20:00.000     0.000     0.000      -0.0
  1995/03/30  00:40:00.000    -0.000     0.000      -0.0
  1995/03/30  01:00:00.000    -0.000     0.000      -0.0
  1995/03/30  01:20:00.000    -0.000    -0.000      -0.0
  1995/03/30  01:40:00.000    -0.000    -0.000      -0.0
  1995/03/30  02:00:00.000    -0.000    -0.000      -0.0

  Correction:

  Pos       0.0       0.0       0.0  m  
  Vel   -0.0000   -0.0000   -0.0000  m/s

Summary:
             a priori   correction      final        sigma
  x  [m]    -6335000.0   -10000.0    -6345000.0      276.9
  y  [m]    -3728000.0     5000.0    -3723000.0      737.0
  z  [m]     -579000.0    -1000.0     -580000.0      829.8
  vx [m/s]   2168.0000     1.0000     2169.0000     0.6520
  vy [m/s]  -9263.0000    -3.0000    -9266.0000     0.5226
  vz [m/s]  -1079.5000     0.5000    -1079.0000     0.3695
