Exercise 7-1: State transition matrix

  Time [s]  Error (J2)  Error(Kep)
    300.00      0.00        0.00
    600.00      0.00        0.00
    900.00      0.00        0.00
   1200.00      0.00        0.01
   1500.00      0.00        0.01
   1800.00      0.00        0.02
   2100.00      0.00        0.02
   2400.00      0.00        0.03
   2700.00      0.00        0.05
   3000.00      0.00        0.07
   3300.00      0.00        0.06
   3600.00      0.00        0.04
   3900.00      0.00        0.05
   4200.00      0.00        0.05
   4500.00      0.00        0.04
   4800.00      0.00        0.03
   5100.00      0.00        0.03
   5400.00      0.00        0.03
   5700.00      0.00        0.04
   6000.00      0.00        0.04
   6300.00      0.00        0.04
   6600.00      0.00        0.04
   6900.00      0.00        0.04
   7200.00      0.00        0.06
   7500.00      0.00        0.08
   7800.00      0.00        0.09
   8100.00      0.00        0.08
   8400.00      0.00        0.12
   8700.00      0.01        0.18
   9000.00      0.01        0.18
   9300.00      0.00        0.12
   9600.00      0.00        0.10
   9900.00      0.00        0.12
  10200.00      0.00        0.11
  10500.00      0.00        0.08
  10800.00      0.00        0.06
  11100.00      0.00        0.07
  11400.00      0.00        0.07
  11700.00      0.00        0.08
  12000.00      0.00        0.07
  12300.00      0.00        0.07
  12600.00      0.00        0.07
  12900.00      0.00        0.08
  13200.00      0.00        0.14
  13500.00      0.00        0.16
  13800.00      0.00        0.13
  14100.00      0.00        0.17
  14400.00      0.01        0.27
  14700.00      0.01        0.32
  15000.00      0.00        0.26
  15300.00      0.00        0.16
  15600.00      0.00        0.17
  15900.00      0.00        0.19
  16200.00      0.00        0.15
  16500.00      0.00        0.10
  16800.00      0.00        0.10
  17100.00      0.01        0.11
  17400.00      0.01        0.11
  17700.00      0.01        0.11
  18000.00      0.01        0.11
  18300.00      0.00        0.11
  18600.00      0.00        0.11
  18900.00      0.00        0.16
  19200.00      0.00        0.22
  19500.00      0.00        0.22
  19800.00      0.00        0.19
  20100.00      0.00        0.31
  20400.00      0.01        0.43
  20700.00      0.01        0.43
  21000.00      0.00        0.29
  21300.00      0.00        0.22
  21600.00      0.00        0.26
  21900.00      0.00        0.25
  22200.00      0.01        0.17
  22500.00      0.01        0.13
  22800.00      0.01        0.15
  23100.00      0.01        0.14
  23400.00      0.01        0.15
  23700.00      0.01        0.14
  24000.00      0.01        0.15
  24300.00      0.01        0.13
  24600.00      0.01        0.16
  24900.00      0.01        0.26
  25200.00      0.00        0.30
  25500.00      0.00        0.25
  25800.00      0.00        0.31
  26100.00      0.00        0.49
  26400.00      0.00        0.58
  26700.00      0.00        0.48
  27000.00      0.00        0.28
  27300.00      0.00        0.30
  27600.00      0.01        0.34
  27900.00      0.01        0.28
  28200.00      0.01        0.18
  28500.00      0.01        0.17
  28800.00      0.01        0.19
  29100.00      0.02        0.18
  29400.00      0.02        0.18
  29700.00      0.01        0.18
  30000.00      0.01        0.19
  30300.00      0.01        0.19
  30600.00      0.01        0.26
  30900.00      0.01        0.36
  31200.00      0.01        0.36
  31500.00      0.01        0.31
  31800.00      0.00        0.48
  32100.00      0.00        0.69
  32400.00      0.00        0.68
  32700.00      0.01        0.47
  33000.00      0.01        0.34
  33300.00      0.01        0.40
  33600.00      0.02        0.39
  33900.00      0.02        0.27
  34200.00      0.02        0.21
  34500.00      0.02        0.23
  34800.00      0.02        0.22
  35100.00      0.03        0.22
  35400.00      0.03        0.21
  35700.00      0.02        0.23
  36000.00      0.02        0.20
  36300.00      0.02        0.23
  36600.00      0.02        0.38
  36900.00      0.02        0.45
  37200.00      0.01        0.38
  37500.00      0.01        0.44
  37800.00      0.01        0.71
  38100.00      0.01        0.85
  38400.00      0.01        0.72
  38700.00      0.01        0.42
  39000.00      0.02        0.42
  39300.00      0.02        0.49
  39600.00      0.03        0.41
  39900.00      0.03        0.26
  40200.00      0.02        0.24
  40500.00      0.03        0.27
  40800.00      0.04        0.25
  41100.00      0.04        0.25
  41400.00      0.03        0.27
  41700.00      0.02        0.27
  42000.00      0.03        0.26
  42300.00      0.03        0.36
  42600.00      0.03        0.50
  42900.00      0.02        0.51
  43200.00      0.02        0.45
  43500.00      0.02        0.65
  43800.00      0.02        0.94
  44100.00      0.02        0.95
  44400.00      0.02        0.67
  44700.00      0.02        0.48
  45000.00      0.03        0.55
  45300.00      0.04        0.54
  45600.00      0.04        0.38
  45900.00      0.04        0.29
  46200.00      0.03        0.31
  46500.00      0.04        0.31
  46800.00      0.05        0.28
  47100.00      0.05        0.29
  47400.00      0.03        0.32
  47700.00      0.03        0.28
  48000.00      0.04        0.31
  48300.00      0.04        0.50
  48600.00      0.03        0.60
  48900.00      0.02        0.52
  49200.00      0.02        0.57
  49500.00      0.03        0.93
  49800.00      0.03        1.13
  50100.00      0.03        0.97
  50400.00      0.03        0.58
  50700.00      0.03        0.55
  51000.00      0.05        0.65
  51300.00      0.06        0.55
  51600.00      0.05        0.35
  51900.00      0.04        0.31
  52200.00      0.04        0.37
  52500.00      0.06        0.34
  52800.00      0.07        0.33
  53100.00      0.05        0.35
  53400.00      0.03        0.36
  53700.00      0.05        0.35
  54000.00      0.06        0.46
  54300.00      0.05        0.64
  54600.00      0.04        0.66
  54900.00      0.03        0.59
  55200.00      0.04        0.81
  55500.00      0.04        1.20
  55800.00      0.04        1.23
  56100.00      0.04        0.89
  56400.00      0.03        0.62
  56700.00      0.05        0.70
  57000.00      0.07        0.70
  57300.00      0.07        0.51
  57600.00      0.06        0.38
  57900.00      0.04        0.40
  58200.00      0.07        0.41
  58500.00      0.08        0.37
  58800.00      0.08        0.38
  59100.00      0.05        0.41
  59400.00      0.05        0.36
  59700.00      0.07        0.40
  60000.00      0.07        0.63
  60300.00      0.06        0.75
  60600.00      0.04        0.66
  60900.00      0.04        0.69
  61200.00      0.05        1.14
  61500.00      0.06        1.41
  61800.00      0.05        1.23
  62100.00      0.05        0.74
  62400.00      0.05        0.67
  62700.00      0.08        0.81
  63000.00      0.09        0.69
  63300.00      0.08        0.44
  63600.00      0.06        0.38
  63900.00      0.07        0.46
  64200.00      0.10        0.44
  64500.00      0.10        0.42
  64800.00      0.08        0.45
  65100.00      0.05        0.45
  65400.00      0.08        0.43
  65700.00      0.09        0.55
  66000.00      0.09        0.79
  66300.00      0.07        0.82
  66600.00      0.04        0.74
  66900.00      0.06        0.96
  67200.00      0.07        1.45
  67500.00      0.07        1.52
  67800.00      0.06        1.12
  68100.00      0.05        0.77
  68400.00      0.08        0.84
  68700.00      0.10        0.86
  69000.00      0.11        0.64
  69300.00      0.09        0.47
  69600.00      0.06        0.49
  69900.00      0.10        0.51
  70200.00      0.12        0.47
  70500.00      0.11        0.48
  70800.00      0.08        0.51
  71100.00      0.08        0.45
  71400.00      0.10        0.49
  71700.00      0.11        0.75
  72000.00      0.10        0.91
  72300.00      0.07        0.81
  72600.00      0.07        0.81
  72900.00      0.08        1.34
  73200.00      0.09        1.69
  73500.00      0.09        1.51
  73800.00      0.07        0.92
  74100.00      0.08        0.81
  74400.00      0.11        0.97
  74700.00      0.13        0.85
  75000.00      0.12        0.56
  75300.00      0.09        0.47
  75600.00      0.10        0.56
  75900.00      0.14        0.54
  76200.00      0.14        0.52
  76500.00      0.12        0.54
  76800.00      0.07        0.55
  77100.00      0.11        0.52
  77400.00      0.13        0.64
  77700.00      0.13        0.93
  78000.00      0.10        0.98
  78300.00      0.06        0.89
  78600.00      0.09        1.10
  78900.00      0.11        1.70
  79200.00      0.11        1.82
  79500.00      0.10        1.38
  79800.00      0.07        0.92
  80100.00      0.12        0.98
  80400.00      0.15        1.03
  80700.00      0.15        0.79
  81000.00      0.12        0.57
  81300.00      0.09        0.57
  81600.00      0.14        0.62
  81900.00      0.17        0.58
  82200.00      0.16        0.58
  82500.00      0.11        0.61
  82800.00      0.10        0.54
  83100.00      0.14        0.59
  83400.00      0.16        0.87
  83700.00      0.14        1.07
  84000.00      0.10        0.96
  84300.00      0.09        0.97
  84600.00      0.12        1.54
  84900.00      0.13        1.98
  85200.00      0.13        1.81
  85500.00      0.10        1.12
  85800.00      0.11        0.97
  86100.00      0.16        1.13
  86400.00      0.18        1.01

Time since epoch [s]

    86400.00

State transition matrix (reference)

  -279.76393    -0.61436    -0.77128    -1.97749  -176.76884  -218.58097
     5.44482     0.46365     0.46751     0.67732     2.85186     4.76225
   -20.31821     0.40525     0.58659     0.64261   -12.32589   -16.24931
     9.26340     0.69774     0.76639     1.06876     5.85009     7.23464
  -176.39688     0.19895    -0.98557    -1.26867  -111.02557  -137.36302
  -216.94809    -0.92156    -0.14293    -1.46183  -136.56204  -168.92825

J2 State transition matrix

  -279.73141    -0.61300    -0.76831    -1.97488  -176.73943  -218.54595
     4.94588     0.46436     0.46459     0.67371     2.53764     4.37347
   -20.94583     0.40252     0.58628     0.63834   -12.72045   -16.73746
    10.08752     0.69945     0.76835     1.07427     6.37036     7.87800
  -176.42392     0.20077    -0.98205    -1.26529  -111.03517  -137.37941
  -216.90555    -0.91896    -0.13879    -1.45733  -136.52976  -168.88617

Keplerian State transition matrix

  -279.15804    -0.68758    -0.84909    -2.08471  -176.75552  -218.27488
    15.74647     0.37945     0.58939     0.75689     9.33762    12.75888
    19.44527     0.58939     0.63001     0.93468    12.75888    14.76158
   -28.38266     0.55643     0.68713     0.78578   -17.96557   -22.18563
  -174.82513     0.13049    -1.06908    -1.37290  -110.35739  -136.16070
  -215.89105    -1.06908    -0.32400    -1.69539  -136.16070  -168.24110

