Exercise 3-2: Lunar Ephemerides 

 Moon position from low precision analytical theory
 Date [TT]                  Position [km] 
 2006/03/14  00:00:00.000   -387105.185    106264.577     61207.474
 2006/03/14  12:00:00.000   -397301.882     70481.965     41689.033
 2006/03/15  00:00:00.000   -403080.629     33917.735     21704.832
 2006/03/15  12:00:00.000   -404360.008     -3017.565      1479.600
 2006/03/16  00:00:00.000   -401102.631    -39906.188    -18757.478
 2006/03/16  12:00:00.000   -393316.339    -76325.989    -38774.360
 2006/03/17  00:00:00.000   -381055.373   -111853.486    -58337.911
 2006/03/17  12:00:00.000   -364421.401   -146067.259    -77215.825
 2006/03/18  00:00:00.000   -343564.315   -178551.672    -95178.733

 Moon position from DE405
 Date [TT]                  Position [km] 
 2006/03/14  00:00:00.000   -386976.783    106369.219     61240.442
 2006/03/14  12:00:00.000   -397199.226     70584.996     41725.650
 2006/03/15  00:00:00.000   -403002.331     34008.826     21741.255
 2006/03/15  12:00:00.000   -404301.873     -2946.244      1512.868
 2006/03/16  00:00:00.000   -401058.650    -39859.480    -18729.305
 2006/03/16  12:00:00.000   -393279.752    -76305.824    -38752.305
 2006/03/17  00:00:00.000   -381019.563   -111859.423    -58322.341
 2006/03/17  12:00:00.000   -364380.491   -146097.311    -77206.808
 2006/03/18  00:00:00.000   -343513.403   -178603.217    -95176.374
