Exercise 8-3: Sequential orbit determination

Measurements

     Date          UTC       Az[deg]   El[deg]   Range[km]
  1995/03/30  00:20:00.000   196.280    49.179    6606.330
  1995/03/30  00:40:00.000   148.760    55.273   11459.583
  1995/03/30  01:00:00.000   133.129    53.164   15939.297
  1995/03/30  01:20:00.000   126.894    52.313   19747.027
  1995/03/30  01:40:00.000   124.077    52.575   22978.425
  1995/03/30  02:00:00.000   122.943    53.574   25728.144

State errors

                                     Pos[m]             Vel[m/s]    
     Date          UTC    Upd.   Error     Sigma     Error     Sigma
1995/03/30  00:20:00.000  t      9321.4   29905.8   10.2672   24.0682
                          Az     1113.8   22177.0    8.3429   19.8879
                          El      498.8   18155.2    8.6497   18.8681
                          rho      44.2    1623.6    8.5132   12.2137
1995/03/30  00:40:00.000  t     10320.2   14727.9    8.9699   12.1528
                          Az     6599.9   12044.8    5.9084   10.1173
                          El     5786.9    8548.2    5.3129    7.7209
                          rho     237.5    2713.7    0.3564    2.5002
1995/03/30  01:00:00.000  t       646.0    5338.6    0.3368    2.2941
                          Az      292.4    4435.5    0.1985    1.9658
                          El      275.6    3256.8    0.1939    1.5474
                          rho      66.7    2767.3    0.0318    1.1352
1995/03/30  01:20:00.000  t        98.3    3924.7    0.0297    1.0344
                          Az      100.2    3642.8    0.0315    0.9723
                          El       62.6    2979.8    0.0201    0.8003
                          rho      61.1    2969.9    0.0191    0.7867
1995/03/30  01:40:00.000  t        80.1    3779.6    0.0178    0.7179
                          Az       80.7    3556.2    0.0186    0.6812
                          El       57.2    3094.4    0.0135    0.5955
                          rho      56.1    3087.9    0.0125    0.5862
1995/03/30  02:00:00.000  t        68.7    3696.8    0.0117    0.5349
                          Az       68.8    3513.9    0.0121    0.5113
                          El       52.2    3159.3    0.0093    0.4608
                          rho      52.3    3153.0    0.0089    0.4571
