Exercise 8-1: Least-squares fit using Givens rotation

Observation 0

  a =  +1.0000 +0.0400 +0.0016      b =  +2.6300

       +1.0000 +0.0400 +0.0016           +2.6300
  R =  +0.0000 +0.0000 +0.0000      d =  +0.0000
       +0.0000 +0.0000 +0.0000           +0.0000

Observation 1

  a =  +1.0000 +0.3200 +0.1024      b =  +1.1800

       +1.4142 +0.2546 +0.0735           +2.6941
  R =  +0.0000 +0.1980 +0.0713      d =  -1.0253
       +0.0000 +0.0000 +0.0000           +0.0000

Observation 2

  a =  +1.0000 +0.5100 +0.2601      b =  +1.1600

       +1.7321 +0.5023 +0.2102           +2.8694
  R =  +0.0000 +0.3344 +0.1791      d =  -1.0973
       +0.0000 +0.0000 +0.0432           +0.4660

Observation 3

  a =  +1.0000 +0.7300 +0.5329      b =  +1.5400

       +2.0000 +0.8000 +0.4485           +3.2550
  R =  +0.0000 +0.5070 +0.3860      d =  -0.7997
       +0.0000 +0.0000 +0.1093           +0.8806

Observation 4

  a =  +1.0000 +1.0300 +1.0609      b =  +2.6500

       +2.2361 +1.1762 +0.8756           +4.0965
  R =  +0.0000 +0.7580 +0.8145      d =  +0.1450
       +0.0000 +0.0000 +0.2399           +1.4749

Observation 5

  a =  +1.0000 +1.4200 +2.0164      b =  +5.4100

       +2.4495 +1.6534 +1.6225           +5.9482
  R =  +0.0000 +1.1138 +1.6411      d =  +2.4920
       +0.0000 +0.0000 +0.4772           +2.5711

Observation 6

  a =  +1.0000 +1.6000 +2.5600      b =  +7.6700

       +2.6458 +2.1355 +2.4697           +8.4059
  R =  +0.0000 +1.4050 +2.3719      d =  +4.9335
       +0.0000 +0.0000 +0.6179           +3.4646


Adjusted polynomial coefficients

  c(0) =   2.749198
  c(1) =  -5.954657
  c(2) =   5.607247
