GEO Orbit Determination Error Analysis



  Setup parameters:

  Subsatellite longitude [deg]                   : -72.000
  Station 1 (lon [deg], lat [deg], alt [m])      : -58.700  -34.400    0.000
  Angles (noise & bias [deg], step [h], est.bias):   0.020    0.050    0.000  0
  Range (noise & bias [deg], step [h], est.bias) :   2.000   20.000    3.000  0
  Station 2 (lon [deg], lat [deg], alt [m])      : -64.600   31.600 1000.000
  Angles (noise & bias [deg], step [h], est.bias):   0.020    0.050    0.000  0
  Range (noise & bias [deg], step [h], est.bias) :   2.000   20.000    3.000  0
  Tracking interval [h]                          :  24.000
  Prediction interval [h]                        :   0.000

Epoch state standard deviation (unmodelled effects ignored)

  Position (xyz)        1.91     76.66      6.86 [m]
  Velocity (xyz)     0.00558   0.00008   0.00056 [m/s]

  Semi-major axis       1.82 [m]

Epoch state standard deviation (including unmodelled effects)

  Position (xyz)       52.50   2207.78      7.00 [m]
  Velocity (xyz)     0.16072   0.00192   0.00096 [m/s]

  Semi-major axis      52.28 [m]

Position/velocity standard deviation (including unmodelled effects)

                   Position                      Velocity         
  Time    radial     tang     normal    radial     tang     normal
   [h]      [m]       [m]       [m]      [m/s]     [m/s]     [m/s]
   0.0      52.5    2207.8       7.0    0.1607    0.0019    0.0010
