GEO Orbit Determination Error Analysis



  Setup parameters:

  Subsatellite longitude [deg]                   : -72.000
  Station 1 (lon [deg], lat [deg], alt [m])      : -58.700  -34.400    0.000
  Angles (noise & bias [deg], step [h], est.bias):   0.020    0.050    0.100  1
  Range (noise & bias [deg], step [h], est.bias) :   2.000   20.000    0.500  0
  Station 2 (lon [deg], lat [deg], alt [m])      : -64.600   31.600 1000.000
  Angles (noise & bias [deg], step [h], est.bias):   0.020    0.050    0.000  0
  Range (noise & bias [deg], step [h], est.bias) :   2.000   20.000    0.000  0
  Tracking interval [h]                          :  12.000
  Prediction interval [h]                        :   0.000

Epoch state standard deviation (unmodelled effects ignored)

  Position (xyz)      168.77   2208.81   1553.08 [m]
  Velocity (xyz)     0.15790   0.01149   0.22327 [m/s]

  Semi-major axis      65.66 [m]

Epoch state standard deviation (including unmodelled effects)

  Position (xyz)      168.77   2292.66   1553.08 [m]
  Velocity (xyz)     0.16413   0.01149   0.22327 [m/s]

  Semi-major axis      65.66 [m]

Position/velocity standard deviation (including unmodelled effects)

                   Position                      Velocity         
  Time    radial     tang     normal    radial     tang     normal
   [h]      [m]       [m]       [m]      [m/s]     [m/s]     [m/s]
   0.0     168.8    2292.7    1553.1    0.1641    0.0115    0.2233
