GEO Orbit Determination Error Analysis



  Setup parameters:

  Subsatellite longitude [deg]                   : -72.000
  Station 1 (lon [deg], lat [deg], alt [m])      : -58.700  -34.400    0.000
  Angles (noise & bias [deg], step [h], est.bias):   0.020    0.050    0.100  1
  Range (noise & bias [deg], step [h], est.bias) :   2.000   20.000    3.000  0
  Station 2 (lon [deg], lat [deg], alt [m])      : -64.600   31.600 1000.000
  Angles (noise & bias [deg], step [h], est.bias):   0.020    0.050    0.000  0
  Range (noise & bias [deg], step [h], est.bias) :   2.000   20.000    0.000  0
  Tracking interval [h]                          :  24.000
  Prediction interval [h]                        : 336.000

Epoch state standard deviation (unmodelled effects ignored)

  Position (xyz)      104.11    368.87   1073.92 [m]
  Velocity (xyz)     0.02338   0.00757   0.07849 [m/s]

  Semi-major axis       8.53 [m]

Epoch state standard deviation (including unmodelled effects)

  Position (xyz)      104.11    716.59   1073.92 [m]
  Velocity (xyz)     0.05053   0.00757   0.07849 [m/s]

  Semi-major axis       8.53 [m]

Position/velocity standard deviation (including unmodelled effects)

                   Position                      Velocity         
  Time    radial     tang     normal    radial     tang     normal
   [h]      [m]       [m]       [m]      [m/s]     [m/s]     [m/s]
   0.0     104.1     716.6    1073.9    0.0505    0.0076    0.0785
   3.0     104.3     711.4    1075.4    0.0502    0.0076    0.0784
   6.0     104.4     706.2    1076.4    0.0498    0.0076    0.0783
   9.0     104.1     701.8    1074.9    0.0495    0.0076    0.0784
  12.0     104.0     698.3    1073.9    0.0492    0.0076    0.0785
  15.0     104.1     695.3    1075.4    0.0490    0.0076    0.0784
  18.0     104.2     692.6    1076.4    0.0488    0.0076    0.0783
  21.0     104.1     689.7    1074.9    0.0485    0.0076    0.0784
  24.0     104.1     686.3    1073.9    0.0483    0.0076    0.0785
  27.0     104.3     682.3    1075.4    0.0480    0.0076    0.0784
  30.0     104.4     678.4    1076.4    0.0477    0.0076    0.0783
  33.0     104.1     675.2    1074.9    0.0475    0.0076    0.0784
  36.0     104.0     672.7    1073.9    0.0473    0.0076    0.0785
  39.0     104.1     670.6    1075.5    0.0471    0.0076    0.0784
  42.0     104.2     668.7    1076.4    0.0469    0.0076    0.0783
  45.0     104.1     666.7    1074.9    0.0468    0.0076    0.0784
  48.0     104.1     664.4    1073.9    0.0466    0.0076    0.0785
  51.0     104.3     661.7    1075.5    0.0464    0.0076    0.0784
  54.0     104.4     659.3    1076.4    0.0463    0.0076    0.0783
  57.0     104.1     657.5    1074.9    0.0461    0.0076    0.0784
  60.0     104.0     656.1    1073.9    0.0460    0.0076    0.0785
  63.0     104.1     654.9    1075.5    0.0459    0.0076    0.0784
  66.0     104.2     653.8    1076.4    0.0458    0.0076    0.0783
  69.0     104.1     652.9    1074.8    0.0458    0.0076    0.0784
  72.0     104.1     651.8    1074.0    0.0457    0.0076    0.0785
  75.0     104.3     650.7    1075.5    0.0456    0.0076    0.0784
  78.0     104.4     649.8    1076.4    0.0455    0.0076    0.0783
  81.0     104.1     649.3    1074.8    0.0455    0.0076    0.0784
  84.0     104.0     649.1    1074.0    0.0455    0.0076    0.0785
  87.0     104.1     648.8    1075.5    0.0455    0.0076    0.0784
  90.0     104.2     648.8    1076.4    0.0455    0.0076    0.0783
  93.0     104.1     648.9    1074.8    0.0455    0.0076    0.0784
  96.0     104.1     649.2    1074.0    0.0455    0.0076    0.0785
  99.0     104.4     649.5    1075.6    0.0455    0.0076    0.0784
 102.0     104.4     650.2    1076.4    0.0456    0.0076    0.0783
 105.0     104.1     651.2    1074.8    0.0456    0.0076    0.0784
 108.0     104.0     652.1    1074.0    0.0457    0.0076    0.0785
 111.0     104.1     652.8    1075.6    0.0458    0.0076    0.0784
 114.0     104.2     653.7    1076.4    0.0458    0.0076    0.0783
 117.0     104.1     654.9    1074.8    0.0459    0.0076    0.0784
 120.0     104.1     656.5    1074.0    0.0460    0.0076    0.0785
 123.0     104.4     658.3    1075.6    0.0462    0.0076    0.0784
 126.0     104.4     660.6    1076.4    0.0463    0.0076    0.0783
 129.0     104.1     662.9    1074.7    0.0465    0.0076    0.0784
 132.0     104.0     664.9    1074.0    0.0467    0.0076    0.0785
 135.0     104.1     666.6    1075.6    0.0468    0.0076    0.0784
 138.0     104.2     668.3    1076.4    0.0470    0.0076    0.0783
 141.0     104.1     670.6    1074.7    0.0471    0.0076    0.0784
 144.0     104.1     673.4    1074.0    0.0473    0.0076    0.0785
 147.0     104.4     676.7    1075.7    0.0476    0.0076    0.0784
 150.0     104.4     680.4    1076.4    0.0478    0.0076    0.0783
 153.0     104.1     684.0    1074.7    0.0481    0.0076    0.0784
 156.0     104.0     687.1    1074.0    0.0483    0.0076    0.0785
 159.0     104.1     689.5    1075.7    0.0485    0.0076    0.0784
 162.0     104.2     692.1    1076.3    0.0488    0.0076    0.0783
 165.0     104.1     695.3    1074.7    0.0490    0.0076    0.0784
 168.0     104.1     699.3    1074.0    0.0493    0.0076    0.0785
 171.0     104.4     704.0    1075.7    0.0496    0.0076    0.0784
 174.0     104.4     708.9    1076.3    0.0500    0.0076    0.0783
 177.0     104.1     713.7    1074.7    0.0503    0.0076    0.0784
 180.0     104.0     717.6    1074.0    0.0506    0.0076    0.0785
 183.0     104.1     720.8    1075.7    0.0509    0.0076    0.0784
 186.0     104.2     724.1    1076.3    0.0512    0.0076    0.0783
 189.0     104.1     728.2    1074.6    0.0515    0.0076    0.0784
 192.0     104.1     733.2    1074.0    0.0519    0.0076    0.0785
 195.0     104.4     739.0    1075.7    0.0523    0.0076    0.0784
 198.0     104.4     745.1    1076.3    0.0527    0.0076    0.0783
 201.0     104.1     750.8    1074.6    0.0531    0.0076    0.0784
 204.0     104.0     755.5    1074.0    0.0535    0.0076    0.0785
 207.0     104.1     759.4    1075.7    0.0538    0.0076    0.0784
 210.0     104.2     763.4    1076.3    0.0541    0.0076    0.0783
 213.0     104.1     768.2    1074.6    0.0545    0.0076    0.0784
 216.0     104.1     774.1    1074.0    0.0550    0.0076    0.0785
 219.0     104.4     780.9    1075.8    0.0554    0.0076    0.0784
 222.0     104.4     788.0    1076.3    0.0559    0.0076    0.0783
 225.0     104.1     794.5    1074.6    0.0564    0.0076    0.0784
 228.0     104.0     799.8    1074.1    0.0568    0.0076    0.0785
 231.0     104.1     804.3    1075.8    0.0572    0.0076    0.0784
 234.0     104.2     808.7    1076.3    0.0576    0.0076    0.0783
 237.0     104.1     814.2    1074.6    0.0580    0.0076    0.0784
 240.0     104.2     820.9    1074.1    0.0585    0.0076    0.0785
 243.0     104.4     828.5    1075.8    0.0590    0.0076    0.0784
 246.0     104.4     836.4    1076.3    0.0595    0.0076    0.0783
 249.0     104.1     843.6    1074.5    0.0600    0.0076    0.0784
 252.0     104.0     849.5    1074.1    0.0605    0.0076    0.0785
 255.0     104.1     854.4    1075.8    0.0609    0.0076    0.0784
 258.0     104.1     859.3    1076.3    0.0613    0.0076    0.0783
 261.0     104.1     865.3    1074.5    0.0618    0.0076    0.0784
 264.0     104.2     872.7    1074.1    0.0623    0.0076    0.0785
 267.0     104.4     881.0    1075.8    0.0629    0.0076    0.0784
 270.0     104.4     889.6    1076.3    0.0635    0.0076    0.0783
 273.0     104.1     897.3    1074.5    0.0640    0.0076    0.0784
 276.0     104.0     903.6    1074.1    0.0645    0.0076    0.0785
 279.0     104.1     908.9    1075.9    0.0650    0.0076    0.0784
 282.0     104.1     914.2    1076.2    0.0654    0.0076    0.0783
 285.0     104.1     920.7    1074.5    0.0659    0.0076    0.0785
 288.0     104.2     928.6    1074.1    0.0665    0.0076    0.0785
 291.0     104.4     937.5    1075.9    0.0671    0.0076    0.0783
 294.0     104.3     946.6    1076.2    0.0677    0.0076    0.0783
 297.0     104.1     954.8    1074.5    0.0683    0.0076    0.0785
 300.0     104.0     961.5    1074.1    0.0688    0.0076    0.0785
 303.0     104.1     967.0    1075.9    0.0693    0.0076    0.0783
 306.0     104.1     972.7    1076.2    0.0698    0.0076    0.0783
 309.0     104.1     979.5    1074.5    0.0703    0.0076    0.0785
 312.0     104.2     987.9    1074.1    0.0709    0.0076    0.0785
 315.0     104.4     997.3    1075.9    0.0715    0.0076    0.0783
 318.0     104.3    1006.9    1076.2    0.0722    0.0076    0.0783
 321.0     104.1    1015.4    1074.4    0.0728    0.0076    0.0785
 324.0     104.0    1022.4    1074.2    0.0733    0.0076    0.0785
 327.0     104.1    1028.2    1075.9    0.0738    0.0076    0.0783
 330.0     104.1    1034.1    1076.2    0.0743    0.0076    0.0783
 333.0     104.1    1041.3    1074.4    0.0749    0.0076    0.0785
 336.0     104.2    1050.1    1074.2    0.0755    0.0076    0.0785
