GEO Orbit Determination Error Analysis



  Setup parameters:

  Subsatellite longitude [deg]                   : -72.000
  Station 1 (lon [deg], lat [deg], alt [m])      : -58.700  -34.400    0.000
  Angles (noise & bias [deg], step [h], est.bias):   0.020    0.050    0.000  0
  Range (noise & bias [deg], step [h], est.bias) :   2.000   20.000    3.000  0
  Station 2 (lon [deg], lat [deg], alt [m])      : -64.600   31.600 1000.000
  Angles (noise & bias [deg], step [h], est.bias):   0.020    0.050    0.000  0
  Range (noise & bias [deg], step [h], est.bias) :   2.000   20.000    3.000  1
  Tracking interval [h]                          :  24.000
  Prediction interval [h]                        :   0.000

Epoch state standard deviation (unmodelled effects ignored)

  Position (xyz)        7.43    262.28      6.87 [m]
  Velocity (xyz)     0.01909   0.00027   0.00057 [m/s]

  Semi-major axis       7.38 [m]

Epoch state standard deviation (including unmodelled effects)

  Position (xyz)        7.43    668.01      6.87 [m]
  Velocity (xyz)     0.04869   0.00027   0.00057 [m/s]

  Semi-major axis       7.38 [m]

Position/velocity standard deviation (including unmodelled effects)

                   Position                      Velocity         
  Time    radial     tang     normal    radial     tang     normal
   [h]      [m]       [m]       [m]      [m/s]     [m/s]     [m/s]
   0.0       7.4     668.0       6.9    0.0487    0.0003    0.0006
