GPS/MET Real Time Orbit Determination

 Initial Epoch:           1996/10/01  00:05:29.000
 Inertial position:       -2915758.858    4622150.287   -4581931.300
 Inertial velocity:        -529.964911   -5411.837062   -5119.305700

 Gravity field order:  10
 Step size:            30.0 s
 Measurement sigma:    100.0 m
 A priori pos. sigma:  1000.0 m
 A priori vel. sigma:  10.0000 m/s
 State noise position: 0.5 m
 State noise velocity: 0.0005 m/s
 Edit level (sigma):   3.0


   Time      x(WGS)     y(WGS)     z(WGS)       Position [m]        Velocity [m/s]    Semi-major axis [m] 
    [s]        [m]        [m]        [m]     Meas. Sigma  Estim. Meas.  Sigma  Estim.  Meas. Sigma  Estim.
   300.0  -2249237.1  3370124.8 -5867671.8   72.3  173.1   72.2  0.740  5.506  0.293   97.4 6127.7  120.5
   600.0  -2411673.5  1317003.1 -6577762.2   13.5  172.3   14.5  0.497  0.798  0.199  109.7  886.8  172.0
   900.0  -2431847.2  -860282.6 -6642858.1   48.4  157.6   38.6  0.272  0.407  0.111   94.7  459.4   60.5
  1200.0  -2308577.7 -2955968.8 -6055956.1   25.6  144.4   28.1  0.499  0.264  0.079   70.7  297.7  131.4
  1500.0  -2045458.7 -4771365.2 -4873456.4   53.2  133.5   40.2  0.290  0.196  0.076   54.7  213.2  125.3
  1800.0  -1651584.6 -6133825.9 -3210292.6   61.9  124.3   58.3  0.359  0.159  0.100   55.7  160.8  139.4
  2100.0  -1142303.0 -6913525.1 -1229659.5  253.6  116.4  106.4  1.499  0.139  0.072   59.6  124.7   69.6
  3152.0   1158082.9 -4558220.6  5327967.2  497.4* 307.9  172.2  6.794  0.354  0.238 1621.6  124.1   69.7
  3460.0   1817164.9 -2662874.0  6333611.1   51.9  125.4   43.9  0.495  0.134  0.130   82.3   53.8   22.0
  3760.0   2365879.4  -576306.5  6678530.5   85.8  103.1   31.2  0.490  0.117  0.115  127.2   40.5    2.4
  4060.0   2774509.7  1545886.2  6363213.0  103.0   92.9   64.6  0.745  0.110  0.115    4.9   32.2   17.0
  4360.0   3000282.5  3502606.4  5419295.3   59.4   88.0   86.3  0.149  0.102  0.102    3.0   26.1   16.9
  4660.0   3009929.1  5110799.9  3940224.2   38.8   85.6   83.5  0.282  0.094  0.074   64.1   21.5    2.7
  4960.0   2784087.3  6222804.6  2072187.2  679.4* 103.5  100.4  5.597  0.103  0.078   38.3   21.6    7.0
  5260.0   2321139.7  6740235.7     -392.1   47.6   91.3   68.7  0.112  0.086  0.033    5.4   16.5    2.9
  5560.0   1639757.1  6623001.9 -2072961.7   46.7   83.6   52.5  0.405  0.077  0.022   71.8   13.6    5.7
  5860.0    779553.9  5892204.5 -3941503.9   30.8   77.4   39.5  2.949  0.072  0.038  166.4   11.7    5.1
  6160.0   -200415.7  4626738.2 -5422749.7   19.2   72.2   24.4  0.946  0.070  0.048  159.8   10.3    5.4
  6460.0  -1225156.1  2954342.7 -6371878.2   46.4   67.9   13.3  0.366  0.069  0.052   73.4    9.3    5.2
  6760.0  -2209122.4  1038297.4 -6696175.4   76.3   64.5   13.6  0.265  0.067  0.055   82.2    8.5    1.5
  7060.0  -3063104.9  -938636.0 -6363558.2   46.7   62.3   28.1  0.447  0.065  0.049   27.7    8.0    7.8
  7360.0  -3702032.5 -2791254.7 -5405657.2   20.3   60.9   35.5  0.205  0.063  0.035   83.1    7.6    2.6
  7660.0  -4053461.2 -4349103.7 -3915256.1   65.2   60.0   44.6  0.219  0.059  0.025   94.6    7.3    5.1
  7960.0  -4065889.1 -5472270.2 -2038047.8   67.4   59.2   50.5  0.202  0.056  0.011   69.9    7.1    3.8
  8260.0  -3715924.4 -6064494.9    41008.3   45.4   58.0   41.7  0.487  0.054  0.009   56.3    6.9    4.1
  8560.0  -3013145.5 -6082152.7  2115944.3   18.9   56.5   35.6  0.904  0.052  0.021   44.9    6.8    1.6
  8860.0  -2001752.6 -5537634.7  3980748.2   34.4   54.7   22.3  0.346  0.052  0.032   37.7    6.8    4.2
  9160.0   -758383.6 -4496739.1  5450469.1   32.3   52.9   11.7  0.947  0.052  0.033   33.1    6.7    5.3
  9460.0    613635.1 -3070493.3  6379922.0   81.1   51.5    3.2  0.383  0.052  0.036   47.2    6.7    0.2
  9760.0   1993096.1 -1402670.7  6677910.1   81.5   50.6    5.9  0.514  0.052  0.038  138.7    6.7    4.6
 10060.0   3251702.1   345135.1  6315731.5   45.2   50.3   16.0  1.218  0.052  0.038  144.6    6.6    2.8
 10360.0   4266075.1  2009371.0  5329668.6   66.5   50.5   30.0  0.648  0.052  0.040  140.2    6.6    3.2
 10660.0   4929941.6  3439896.1  3817308.8   38.7   51.0   36.4  0.571  0.051  0.035   82.2    6.5    1.4
 10960.0   5165400.6  4513583.8  1928087.6   97.2   51.3   44.4  0.214  0.050  0.037   19.8    6.4    1.7
 11260.0   4932123.7  5145043.2  -151421.2   58.5   51.4   43.4  0.421  0.049  0.030   67.8    6.3    2.3
 11560.0   4233169.1  5293346.8 -2216061.3  149.7   51.0   33.5  0.513  0.048  0.011   65.0    6.2    3.9
 11860.0   3116532.7  4964058.7 -4062609.4   75.9   50.3   31.0  1.131  0.048  0.016    0.9    6.1    3.5
 12160.0   1672021.7  4206480.3 -5509970.8   64.9   49.4   28.3  0.265  0.048  0.026   23.2    6.1    2.9
 12460.0     23950.2  3106734.8 -6416654.8   88.0   48.5   30.4  0.273  0.048  0.038   23.1    6.0    5.7
 12760.0  -1679579.2  1777856.9 -6694072.6   77.9   47.7   29.7  0.343  0.048  0.044   84.1    6.0    1.0
 13060.0  -3279823.6   348117.7 -6314693.5   41.2   47.1   30.6  0.675  0.047  0.049   90.4    6.0    5.1
 13360.0  -4621877.6 -1051151.3 -5314701.0   36.3   46.9   29.7  0.140  0.047  0.046   52.1    6.0    3.3
 13660.0  -5569586.0 -2297407.4 -3791029.2   47.2   46.7   29.8  0.321  0.046  0.037   21.0    6.0    5.9
 13960.0  -6019676.2 -3287581.5 -1892741.0   64.6   46.6   33.4  0.265  0.045  0.027   35.5    6.0    2.5
 14260.0  -5913616.2 -3946744.8   193036.0   41.9   46.4   35.4  0.370  0.045  0.020   32.0    5.9    3.3
 14560.0  -5245489.3 -4233884.9  2259610.1   70.8   46.0   36.9  0.896  0.044  0.015   65.8    5.9    2.8
 14860.0  -4064499.6 -4144035.9  4101788.6   60.3   45.4   35.2  0.170  0.044  0.015   85.6    5.9    1.5
 15160.0  -2471446.5 -3706544.5  5536918.0  117.2   44.9   36.0  1.458  0.044  0.035   56.7    5.9    3.0
 15460.0   -609686.8 -2979886.9  6423282.2   46.2   44.4   29.4  0.348  0.044  0.043   85.0    5.9    0.2
 15760.0   1348399.7 -2043994.4  6673971.6   15.4   44.0   24.1  0.210  0.044  0.045    3.9    6.0    6.5
 16060.0   3217711.7  -991229.9  6264955.3   66.1   43.9   21.1  0.440  0.044  0.042   67.9    6.0    2.8
 16360.0   4818026.9    82835.5  5237099.1   34.4   44.0   22.1  0.420  0.044  0.037   58.7    6.0    2.7
 16660.0   5991510.2  1088088.3  3692104.5   42.9   44.2   23.8  0.772  0.044  0.029   25.7    6.0    0.5
 16960.0   6618549.2  1947301.4  1782610.5   49.0   44.4   26.0  0.183  0.043  0.020   34.8    6.0    4.9
 17260.0   6630327.3  2601779.2  -302805.3   43.0   44.4   30.2  0.383  0.043  0.016   96.4    5.9    3.6
 17560.0   6016574.1  3014807.4 -2358412.7   37.7   44.3   28.8  0.740  0.043  0.009   80.2    5.9    0.8
 17860.0   4827350.6  3172682.9 -4181942.7   71.0   44.0   25.3  0.112  0.043  0.006   40.4    5.9    3.3
 18160.0   3168648.6  3083361.2 -5594593.7   35.3   43.7   21.7  0.259  0.043  0.015   23.7    5.9    0.4
 18460.0   1192485.8  2773186.4 -6458279.9   67.8   43.3   17.3  0.284  0.043  0.022   47.7    5.9    2.5
 18760.0   -917306.5  2282403.5 -6688585.2   71.5   43.0   13.3  0.485  0.043  0.026  107.7    5.9    2.4
 19060.0  -2962032.1  1660180.7 -6262540.4   43.6   42.9   13.3  0.301  0.043  0.030  126.7    5.9    0.1
 19360.0  -4746541.7   959740.2 -5220867.8   33.5   42.8   11.9  0.157  0.043  0.029   89.7    5.9    0.6
 19660.0  -6097676.0   234033.6 -3664638.9   87.1   42.9   23.1  0.739  0.043  0.032    8.3    5.9    0.1
 19960.0  -6881502.8  -467890.6 -1746181.1   20.1   43.0   26.9  0.336  0.042  0.032    4.5    5.9    1.3
 20260.0  -7017417.8 -1103615.1   345279.5   54.4   43.0   29.1  0.819  0.042  0.025   26.6    5.9    0.2
 20560.0  -6487334.4 -1639172.8  2402422.6   39.4   42.8   29.3  0.443  0.042  0.026   34.7    5.9    1.2
 20860.0  -5338321.6 -2049853.6  4220988.1   11.8   42.6   28.3  0.814  0.042  0.029   67.7    5.9    1.8
 21160.0  -3678206.2 -2320036.2  5620697.2   39.1   42.3   24.3  1.196  0.042  0.028   66.0    5.9    0.9
 21460.0  -1664722.0 -2442322.5  6463395.8   16.1   42.1   24.6  0.185  0.042  0.036   70.0    5.9    2.0
 21760.0    510259.2 -2416298.5  6666514.4   72.8   41.9   23.2  0.078  0.042  0.033   57.7    5.9    0.5
 22060.0   2639472.2 -2247334.3  6210724.8   62.4   41.8   31.6  0.399  0.042  0.042   54.4    5.9    1.1
 22360.0   4520176.9 -1945717.3  5141481.1   65.7   41.8   37.0  0.339  0.042  0.042   82.7    5.9    1.3
 22660.0   5973538.9 -1526296.9  3564548.0    4.8   41.9   39.3  0.169  0.042  0.042   54.7    5.9    2.4
 22960.0   6861940.8 -1008514.5  1635714.4   28.6   41.9   40.1  0.332  0.041  0.038   32.9    5.9    2.1
 23260.0   7102429.1  -416629.3  -454534.0   31.3   42.0   43.9  0.174  0.041  0.038    9.6    5.9    1.4
 23560.0   6674760.3   220140.0 -2500025.1   29.2   41.9   44.1  0.287  0.041  0.033    5.6    5.9    1.9
 23860.0   5622978.3   867791.7 -4299519.5   20.8   41.7   42.6  0.320  0.041  0.027    5.7    5.9    1.4
 24160.0   4050405.2  1488237.6 -5676610.0   31.9   41.5   39.1  0.279  0.041  0.023   27.8    5.9    3.1
 24460.0   2108889.9  2040608.6 -6496710.5   39.1   41.3   32.1  0.428  0.041  0.019   24.1    5.9    0.7
 24760.0    -16181.7  2483267.0 -6679636.7   72.8   41.2   26.5  0.565  0.041  0.021   11.6    5.9    3.9
 25060.0  -2123513.1  2776568.1 -6207007.3   54.7   41.1   21.9  0.621  0.041  0.029   68.2    5.9    1.2
 25360.0  -4014653.3  2886312.6 -5124098.5   73.6   41.1   15.3  0.541  0.041  0.033   65.2    5.9    2.6
 25660.0  -5512503.3  2787690.1 -3536050.8    6.2   41.2   11.1  0.221  0.041  0.036    0.8    5.9    1.8
 25960.0  -6478240.7  2469309.3 -1598423.0   63.1   41.3   16.5  0.322  0.041  0.037   56.1    5.9    0.8
 26260.0  -6824993.9  1936640.2   497590.0   25.5   41.3   24.1  0.493  0.041  0.034   31.6    5.9    0.5
 26560.0  -6526497.1  1214156.1  2544168.0   64.1   41.3   31.9  0.338  0.041  0.029   21.5    5.9    0.3
 26860.0  -5619343.7   345586.0  4338100.0   43.2   41.2   37.7  0.764  0.041  0.026   54.3    5.9    0.1
 27160.0  -4198436.3  -607986.7  5701601.3   22.0   41.0   39.6  1.622  0.041  0.026   45.2    5.9    1.1
 27460.0  -2406398.2 -1572071.6  6500153.5   58.2   40.8   35.6  7.942  0.041  0.033   57.8    5.9    2.0
 27760.0   -418552.7 -2464446.7  6655563.8   19.9   40.7   31.2  0.251  0.041  0.045   83.0    5.9    2.1
 28060.0   1574730.2 -3202126.3  6153215.3   51.4   40.6   28.0  0.227  0.041  0.047   40.7    5.9    1.9
 28360.0   3386403.7 -3709071.3  5043143.7   41.4   40.6   22.5  0.147  0.041  0.044    9.5    5.9    0.3
 28660.0   4850330.5 -3924079.7  3435128.1  146.0   40.7   26.6  0.952  0.040  0.040   10.7    5.9    4.2
 28960.0   5836747.7 -3808110.7  1488006.1   82.0   40.7   28.9  0.243  0.040  0.031   15.4    5.9    2.0
 29260.0   6264017.4 -3350051.3  -605941.4   29.0   40.7   34.5  0.767  0.040  0.025   20.5    5.9    1.8
 29560.0   6105469.9 -2570059.3 -2640210.9   40.4   40.7   39.6  0.582  0.040  0.017   34.5    5.9    0.4
 29860.0   5390477.9 -1519834.9 -4414728.1   44.6   40.6   41.3  0.326  0.040  0.012   17.9    5.9    2.6
 30160.0   4199824.8  -279642.9 -5755581.2   82.0   40.5   40.9  0.493  0.040  0.014    9.1    5.9    3.5
 30460.0   2656238.8  1047636.8 -6531739.9  158.9   40.3   41.0  0.917  0.040  0.024    4.5    5.9    0.2
 30760.0    911451.8  2344855.3 -6667294.9   84.9   40.2   35.0  1.586  0.040  0.029    0.9    5.9    2.6
 31060.0   -868646.3  3490681.0 -6148440.1    8.4   40.2   30.4  0.264  0.040  0.034   56.8    5.9    2.0
 31360.0  -2519532.2  4370727.7 -5024953.3  103.3   40.2   33.7  0.378  0.040  0.041  103.2    5.9    0.2
 31660.0  -3893072.0  4889003.0 -3406002.5   94.1   40.3   43.7  0.337  0.040  0.051   78.2    5.9    2.2
 31960.0  -4870984.1  4978652.0 -1450274.1    9.4   40.4   43.2  0.283  0.040  0.051   26.2    5.9    0.8
 32260.0  -5375495.3  4610675.2   649179.9   29.4   40.4   42.3  0.437  0.040  0.042   56.6    5.9    0.1
 32560.0  -5375928.7  3799272.2  2684144.6  131.8   40.4   37.1  1.656  0.040  0.029   23.2    5.9    0.4
 32860.0  -4890265.0  2602657.6  4452583.0  119.2   40.3   43.6  1.177  0.040  0.026   28.5    5.9    2.4
 33160.0  -3981490.2  1119126.4  5779252.9   51.8   40.1   43.3  0.591  0.040  0.021   39.0    5.9    0.4
 33460.0  -2749386.0  -521372.6  6533334.1   40.8   40.0   40.3  0.254  0.040  0.020   48.2    5.9    4.3
 33760.0  -1319135.2 -2168951.7  6641048.5   58.3   39.9   34.5  0.138  0.040  0.029   80.5    5.9    0.1
 34060.0    171715.5 -3667659.7  6092474.3   20.8   39.9   24.7  0.234  0.040  0.038  108.8    5.9    4.2
 34360.0   1586637.5 -4870339.2  4942206.5   17.5   39.9   13.3  0.462  0.040  0.043   90.9    5.9    2.9
 34660.0   2802596.4 -5653177.5  3303983.6   51.4   39.9    2.7  0.281  0.040  0.043  100.3    5.9    1.9
 34960.0   3720761.7 -5928713.9  1339622.3   49.2   40.0   13.3  0.484  0.040  0.039   74.1    5.9    2.0
 35260.0   4274467.4 -5655795.6  -756925.3   47.5   40.0   23.8  0.204  0.040  0.033   64.8    5.9    6.0
 35560.0   4433710.0 -4845148.0 -2778942.4   35.0   40.0   30.3  0.114  0.039  0.022   73.8    5.9    4.2
 35860.0   4205735.1 -3559694.8 -4527613.2  103.0   39.9   35.8  0.921  0.039  0.021   86.5    5.9    4.9
 36160.0   3631870.1 -1909559.3 -5831598.7  179.6   39.8   31.6  1.783  0.039  0.011   32.3    5.9    5.2
 36460.0   2781235.5   -42233.6 -6563524.2   23.0   39.7   28.8  0.172  0.040  0.018   19.4    5.9    6.0
 36760.0   1742528.8  1870538.9 -6651764.2   55.6   39.6   24.8  7.946  0.040  0.022   14.9    5.9    5.3
 37060.0    614797.6  3648388.1 -6087086.0   66.4   39.6   25.0  0.303  0.040  0.025   44.0    5.9    3.7
 37360.0   -501832.0  5119010.4 -4923729.8   28.0   39.7   25.2  1.402  0.040  0.029   91.9    5.9    4.4
 37660.0  -1514848.8  6134891.6 -3274806.7    5.9   39.7   23.9  0.174  0.040  0.032  132.1    5.9    2.4
 37960.0  -2346890.7  6588594.7 -1302020.6   66.4   39.8   22.6  0.635  0.040  0.029   65.0    5.9    7.7
 38260.0  -2941523.7  6424869.6   799813.8   48.5   39.8   22.2  0.138  0.040  0.022    2.6    5.9    4.6
 38560.0  -3266761.2  5647885.7  2822209.2   49.9   39.8   26.1  0.784  0.039  0.013   38.1    5.9    4.2
 38860.0  -3315932.1  4322232.1  4564336.3   87.7   39.7   24.8  0.170  0.039  0.014   21.7    5.8    3.6
 39160.0  -3105871.9  2567249.2  5853618.2  106.1   39.6   30.7  7.203  0.039  0.029   21.9    5.9    5.9
 39460.0  -2672918.1   545578.5  6562966.0  201.9   39.5   24.9  0.151  0.039  0.018   40.5    5.9    4.0
 39760.0  -2067554.1 -1552431.6  6623018.2  150.1   39.4   22.4  0.421  0.039  0.023   70.2    5.9    0.3
 40060.0  -1348443.6 -3527124.4  6028557.2   32.5   39.4   16.5  0.246  0.039  0.028   96.6    5.9    0.7
 40360.0   -576674.5 -5188605.2  4838699.9   31.3   39.4   14.5  0.535  0.039  0.032   89.9    5.9    2.0
 40660.0    189309.7 -6375129.0  3171086.2   44.0   39.5   15.9  1.358  0.039  0.027   94.0    5.9    2.5
 40960.0    897788.4 -6969174.7  1190445.2   50.9   39.5   18.1  0.054  0.039  0.022   70.5    5.9    1.8
 41260.0   1506660.3 -6909513.5  -907662.6   57.8   39.5   21.1  0.132  0.039  0.013   54.6    5.9    0.8
 41560.0   1985043.9 -6197731.0 -2916385.4   57.0   39.5   20.8  0.336  0.039  0.009   37.6    5.9    1.9
 41860.0   2313583.7 -4898269.6 -4638267.7   43.0   39.5   18.7  0.095  0.039  0.019   39.7    5.8    3.7
 42160.0   2483628.1 -3132086.4 -5904659.4   51.8   39.4   18.1  0.274  0.039  0.022   29.0    5.9    4.4
 42460.0   2495679.4 -1064842.0 -6591852.8   23.5   39.3   18.4  0.640  0.039  0.025   12.2    5.9    0.3
 42760.0   2357538.2  1108826.2 -6632573.6   40.1   39.3   20.9  0.572  0.039  0.027    3.2    5.9    1.1
 43060.0   2082592.7  3183411.7 -6022194.2   20.9   39.3   25.1  0.614  0.039  0.034    8.5    5.9    1.1
 43360.0   1688563.7  4961627.8 -4819409.1   57.4   39.3   27.2  0.229  0.039  0.035   33.9    5.9    0.6
 43660.0   1196780.4  6273164.3 -3141228.7   71.8   39.3   33.1  0.367  0.039  0.036  106.7    5.9    3.0
 43960.0    631882.0  6991532.9 -1152339.6   48.4   39.4   35.6  0.226  0.039  0.034  172.1    5.9    0.5
 44260.0     21720.3  7047202.8   950760.0   32.5   39.4   37.8  0.146  0.039  0.029  150.8    5.9    3.5
 44560.0   -602762.7  6435136.4  2959430.2   29.3   39.4   39.5  0.775  0.039  0.029  107.3    5.9    2.1
 44860.0  -1207910.5  5215529.3  4674233.9   78.5   39.4   31.8  0.508  0.039  0.017   81.5    5.8    3.1
 45160.0  -1758166.5  3507458.9  5925354.4   54.6   39.3   24.9  1.146  0.039  0.016   52.8    5.9    4.6
 45460.0  -2217341.0  1476452.0  6589522.8   43.3   39.2   22.5  0.581  0.039  0.021   30.9    5.9    0.2
 45760.0  -2550441.2  -682263.5  6601879.3  116.0   39.1   17.1  0.344  0.039  0.019    3.5    5.9    4.0
 46060.0  -2726109.2 -2762945.6  5961898.3   44.1   39.1   12.2  0.206  0.039  0.014    1.2    5.9    1.0
 46360.0  -2719550.1 -4569055.1  4733165.2   52.0   39.1   10.8  0.131  0.039  0.010   13.8    5.9    0.0
 46660.0  -2515770.2 -5931938.3  3037150.4   73.9   39.1    9.7  0.577  0.039  0.008   22.5    5.9    0.3
 46960.0  -2112686.8 -6726866.0  1041368.1   43.2   39.2    7.1  0.943  0.039  0.012    4.0    5.9    1.4
 47260.0  -1523562.8 -6884809.6 -1057156.3   56.7   39.2    3.8  0.458  0.039  0.013    8.6    5.9    1.8
 47560.0   -778221.1 -6398578.4 -3051591.8   67.4   39.2    5.8  0.391  0.039  0.016    1.5    5.9    2.9
 47860.0     77316.3 -5322551.9 -4745928.5   82.3   39.2    4.4  0.276  0.039  0.012    6.0    5.9    0.2
 48160.0    982953.8 -3766123.2 -5974273.4  173.3   39.1   17.1  1.099  0.039  0.023   17.6    5.9    1.2
 48460.0   1868157.5 -1882118.9 -6616617.3   91.4   39.0   23.1  0.925  0.039  0.024   51.0    5.9    2.3
 48760.0   2657110.6   148492.4 -6610032.7   20.6   39.0   25.3  1.090  0.039  0.026   59.6    5.9    1.5
 49060.0   3274917.3  2133793.7 -5954472.7   23.3   39.0   26.7  0.160  0.039  0.027   77.6    5.9    1.7
 49360.0   3654613.8  3888739.7 -4713038.0   39.6   39.0   31.8  0.492  0.039  0.026   44.6    5.9    5.9
 49660.0   3744482.3  5252330.2 -3006593.2   46.2   39.1   27.8  0.269  0.039  0.019    3.3    5.9    0.2
 49960.0   3514880.3  6102841.5 -1002682.5   30.6   39.1   25.4  0.385  0.039  0.016   66.4    5.9    1.8
 50260.0   2963599.8  6369415.3  1100614.7   45.1   39.2   21.6  0.315  0.039  0.011  101.6    5.9    1.7
 50560.0   2118739.1  6038554.4  3094600.9   43.0   39.2   17.9  0.214  0.039  0.010   54.9    5.9    1.5
 50860.0   1038403.5  5154472.0  4781318.8   25.0   39.1   16.1  3.928  0.039  0.013   49.7    5.8    4.0
 51160.0   -192913.0  3813294.4  5993765.0  105.8   39.0    9.8  0.574  0.039  0.012   29.4    5.9    0.3
 51460.0  -1470993.0  2151977.1  6612557.5   26.0   39.0    7.8  0.496  0.039  0.010   12.6    5.9    2.3
 51760.0  -2680791.9   333740.2  6577334.0   84.8   38.9    7.7  0.131  0.039  0.010   42.9    5.9    3.1
 52060.0  -3706858.2 -1468342.5  5892250.8   28.9   38.9    5.6  0.109  0.039  0.010   47.2    5.9    1.1
 52360.0  -4444388.5 -3087893.9  4625328.9   25.3   38.9    6.0  0.300  0.039  0.010   16.9    5.9    3.0
 52660.0  -4810054.1 -4380665.4  2901803.1   52.7   38.9   12.7  0.379  0.039  0.013    6.2    5.9    2.2
 52960.0  -4751474.6 -5237521.8   891863.0  170.9   39.0   13.4  0.245  0.039  0.016    6.4    5.9    1.3
 53260.0  -4254224.4 -5593730.6 -1206039.0   97.6   39.0    8.8  0.142  0.039  0.006   21.9    5.9    0.2
 53560.0  -3345217.9 -5433697.1 -3185211.1   16.5   39.0   10.2  0.454  0.039  0.006    6.9    5.9    2.3
 53860.0  -2092000.7 -4790456.0 -4851191.1   67.8   39.0    9.6  0.766  0.039  0.002    3.3    5.8    0.1
 54160.0   -597762.2 -3740341.5 -6040894.7  104.8   38.9   16.2  0.900  0.039  0.010   14.1    5.9    3.1
 54460.0   1007134.9 -2393814.0 -6638090.6   42.1   38.8   17.2  0.413  0.039  0.015    7.1    5.9    0.8
 54760.0   2576455.8  -883666.3 -6584219.6   57.2   38.8   11.4  0.263  0.039  0.016   38.6    5.9    3.3
 55060.0   3961116.9   647950.9 -5883810.8   25.5   38.8    7.5  0.239  0.039  0.017   49.3    5.9    0.3
 55360.0   5023142.9  2062658.2 -4604352.2   38.7   38.8   10.9  0.396  0.039  0.016   51.1    5.9    2.6
 55660.0   5649541.5  3238214.9 -2870483.8   70.2   38.9   15.4  0.439  0.039  0.020   24.5    5.9    0.9
 55960.0   5764806.6  4079231.9  -852553.8   46.0   38.9   16.4  0.414  0.039  0.017   13.0    5.9    2.0
 56260.0   5340429.1  4525197.2  1249898.0   22.2   39.0   19.5  0.437  0.039  0.014    4.8    5.9    0.8
 56560.0   4399888.4  4554822.1  3228206.6   39.1   39.0   22.5  0.302  0.039  0.012    5.7    5.9    4.7
 56860.0   3018134.5  4186191.6  4885978.3  161.5   38.9   30.7  5.744  0.039  0.018    1.8    5.8    5.4
 57160.0   1315449.1  3472766.9  6059123.4   53.4   38.9   31.8  0.216  0.039  0.020   26.5    5.9    1.7
 57460.0   -553603.7  2495987.4  6632189.7   53.7   38.8   25.5  0.383  0.039  0.013   22.1    5.9    2.7
 57760.0  -2414666.5  1355717.2  6549354.7   20.4   38.7   21.2  0.219  0.039  0.014    0.9    5.9    0.2
 58060.0  -4090022.2   159832.4  5819462.4   48.1   38.7   14.6  0.726  0.039  0.019   14.5    5.9    5.4
 58360.0  -5415669.4  -986068.1  4514934.8   28.3   38.7   11.3  0.524  0.039  0.022    4.4    5.9    2.1
 58660.0  -6257542.7 -1987905.9  2764700.7   79.1   38.8   13.7  0.352  0.039  0.024    6.7    5.9    1.3
 58960.0  -6525387.0 -2770705.9   741610.7   13.4   38.8   15.6  0.286  0.039  0.023    3.3    5.9    2.0
 59260.0  -6182725.2 -3283889.9 -1354647.7   82.0   38.8   19.1  0.389  0.038  0.021   33.6    5.9    4.6
 59560.0  -5251541.9 -3503853.7 -3317534.8   37.0   38.8   24.3  0.102  0.038  0.018   60.2    5.9    1.3
 59860.0  -3810932.5 -3433663.6 -4954265.0   80.9   38.8   23.5  0.564  0.038  0.008   90.3    5.8    5.7
 60160.0  -1990013.7 -3100159.1 -6104629.5   14.8   38.7   23.9  0.400  0.038  0.004   99.2    5.9    3.0
 60460.0     44045.6 -2549133.2 -6656259.0   55.0   38.7   21.7  0.542  0.038  0.011   72.9    5.9    4.9
 60760.0   2101388.1 -1839407.9 -6555002.0   31.6   38.7   18.6  0.114  0.039  0.019   40.1    5.9    1.9
 61060.0   3986868.5 -1036630.0 -5809981.2   38.8   38.7   12.8  1.004  0.039  0.027   16.3    5.9    1.4
 61360.0   5518330.0  -207340.9 -4493060.1   78.6   38.7    6.6  5.801  0.039  0.029   25.3    5.9    5.5
 61660.0   6544320.5   586268.1 -2732612.1  121.6   38.8    7.4  0.536  0.039  0.028   19.7    5.9    2.1
 61960.0   6959736.7  1290674.8  -701678.2   53.5   38.8   13.9  0.314  0.039  0.022   33.3    5.9    5.3
 62260.0   6717497.7  1864118.5  1398818.1  121.3   38.8   17.7  0.658  0.039  0.020   16.3    5.9    1.3
 62560.0   5834474.8  2278359.5  3360377.1   99.6   38.8   22.8  0.880  0.039  0.016    0.7    5.9    7.3
 62860.0   4390564.4  2518898.5  4988281.2   72.3   38.8   26.2  0.345  0.039  0.011   10.4    5.8    4.0
 63160.0   2520942.6  2583889.1  6121452.2   24.7   38.7   27.0  0.517  0.039  0.011   58.1    5.9    4.0
 63460.0    402606.1  2482077.0  6648423.4   43.8   38.7   25.7  0.180  0.039  0.023   90.0    5.9    5.7
 63760.0  -1763048.8  2230296.3  6517936.5   66.2   38.6   20.2  0.646  0.039  0.024   91.6    5.9    5.1
 64060.0  -3769609.0  1851047.0  5743527.5   18.0   38.6   18.7  0.343  0.039  0.031   36.2    5.9    1.3
 64360.0  -5425456.3  1370469.8  4401987.3   31.8   38.6   20.3  0.472  0.039  0.034   55.2    5.9    3.4
 64660.0  -6572214.4   816899.0  2625889.5   64.2   38.6   18.9  0.242  0.038  0.031   58.6    5.9    3.0
 64960.0  -7100263.6   219940.3   590651.1   10.9   38.7   25.3  0.234  0.038  0.031   37.8    5.9    2.6
 65260.0  -6959636.8  -390080.3 -1502868.3   29.8   38.7   32.5  0.045  0.038  0.027   26.8    5.9    2.9
 65560.0  -6164859.6  -982442.5 -3448444.7    9.1   38.7   34.4  1.670  0.038  0.023   64.6    5.9    3.7
 65860.0  -4793160.6 -1526324.3 -5055021.7   99.1   38.7   33.5  0.599  0.038  0.014  109.3    5.8    3.3
 66160.0  -2976370.8 -1991227.6 -6165389.7   16.2   38.6   30.8  0.412  0.038  0.009  129.2    5.9    0.5
 66460.0   -887741.6 -2347707.5 -6671085.2   12.1   38.6   28.7  0.200  0.038  0.011  105.8    5.9    3.5
 66760.0   1274682.5 -2568576.9 -6522411.9   17.4   38.6   25.2  0.483  0.038  0.012   56.4    5.9    1.4
 67060.0   3306542.6 -2630734.6 -5733089.1   71.9   38.6   21.4  0.497  0.038  0.022   43.3    5.9    2.3
 67360.0   5016205.3 -2517594.2 -4379321.1   35.3   38.6   15.2  0.405  0.039  0.021   58.7    5.9    0.9
 67660.0   6242933.4 -2221878.6 -2593157.3   62.2   38.6    8.3  0.290  0.039  0.022   70.2    5.9    3.2
 67960.0   6872637.9 -1748341.5  -550272.5   38.6   38.7    5.6  0.715  0.039  0.018   43.4    5.9    1.4
 68260.0   6849414.8 -1115836.3  1547167.3   25.3   38.7    6.7  0.574  0.039  0.016    5.3    5.9    0.2
 68560.0   6181173.9  -358170.1  3490927.0   81.2   38.7    9.9  0.188  0.038  0.017   12.5    5.8    2.8
 68860.0   4938407.1   476629.3  5088083.2  146.9   38.7   16.3 20.775  0.038  0.020   11.0    5.8    1.4
 69160.0   3246245.2  1328733.2  6180650.7   54.6   38.6   21.3  0.407  0.038  0.019   40.4    5.9    5.1
 69460.0   1271074.7  2130463.2  6661208.2   12.9   38.6   22.8  0.780  0.038  0.017  100.3    5.9    3.3
 69760.0   -796474.3  2811501.2  6483090.0   18.8   38.5   22.9  0.259  0.038  0.022  116.0    5.9    3.1
 70060.0  -2760233.6  3305001.5  5664523.8   74.3   38.5   26.0  0.338  0.038  0.026   58.4    5.9    2.0
 70360.0  -4437175.7  3554170.8  4286636.4   60.9   38.5   30.2  0.142  0.038  0.031   14.9    5.9    2.4
 70660.0  -5674580.7  3518777.5  2485575.9   41.9   38.5   30.1  0.158  0.038  0.032    4.3    5.9    0.8
 70960.0  -6364226.3  3180819.1   439219.3   82.7   38.6   32.9  0.359  0.038  0.030    9.8    5.9    2.6
 71260.0  -6452105.1  2548490.9 -1650488.6   24.7   38.6   33.2  0.645  0.038  0.028    4.4    5.9    2.4
 71560.0  -5942532.4  1657768.6 -3577722.7    7.8   38.6   30.7  0.325  0.038  0.021   54.5    5.9    4.7
 71860.0  -4896209.4   571171.7 -5153274.6   36.9   38.6   25.7  0.363  0.038  0.014  114.0    5.8    1.3
 72160.0  -3422698.8  -626244.9 -6223001.3   35.3   38.5   21.4  0.408  0.038  0.012  155.9    5.9    0.5
 72460.0  -1668537.8 -1833315.9 -6682408.9 1153.0*  41.0   18.2 27.081  0.041  0.015  140.7    6.0    0.6
 72760.0    197453.9 -2941040.9 -6486286.4   64.2   40.6   18.9  0.366  0.040  0.017  101.1    6.0    3.6
 73060.0   2000157.1 -3842150.1 -5652975.3  181.9   40.2   10.9  6.083  0.040  0.014   64.8    6.0    0.5
 73360.0   3574398.8 -4441456.9 -4262985.7   60.5   39.9    7.2  0.200  0.040  0.018   59.3    6.0    2.4
 73660.0   4780017.5 -4666023.8 -2452001.8   45.4   39.6    3.0  0.262  0.040  0.018   83.7    6.0    2.0
 73960.0   5514821.4 -4474207.1  -398231.5  110.7   39.4    5.1  0.910  0.039  0.016   88.6    5.9    1.2
 74260.0   5723819.7 -3862201.0  1695010.0   19.6   39.2    8.5  0.252  0.039  0.016   59.9    5.9    4.8
 74560.0   5403565.4 -2866905.1  3619895.3   47.6   39.0   12.8  0.378  0.039  0.017   10.3    5.9    2.2
 74860.0   4600938.5 -1564419.9  5185408.6   76.5   38.9   23.1  0.423  0.039  0.029   36.9    5.9    5.0
 75160.0   3406629.6   -64173.8  6236758.0   50.4   38.7   23.1  0.339  0.039  0.025    4.3    5.9    2.7
 75460.0   1944481.7  1500538.1  6670623.3   32.8   38.7   23.7  0.397  0.039  0.024   61.7    5.9    3.4
 75760.0    358146.4  2984674.7  6444953.9   19.4   38.6   27.3  0.098  0.039  0.028  105.0    5.9    0.3
 76060.0  -1203277.4  4244984.7  5582653.0   85.1   38.6   35.1  0.095  0.039  0.035  111.6    5.9    2.2
 76360.0  -2599310.3  5153892.7  4169140.6   37.0   38.6   32.9  0.567  0.039  0.031   70.4    5.9    0.6
 76660.0  -3710699.5  5612562.0  2344068.7   67.8   38.6   28.0  0.617  0.039  0.025    3.0    5.9    1.2
 76960.0  -4449654.8  5561869.9   287670.7   81.3   38.7   26.2  0.613  0.038  0.026   34.0    5.9    1.9
 77260.0  -4766692.9  4989843.9 -1797124.6   29.9   38.7   28.0  0.370  0.038  0.019   16.7    5.9    1.5
 77560.0  -4653397.4  3934483.4 -3705011.1  108.7   38.7   33.9  0.208  0.038  0.022   45.3    5.9    0.3
 77860.0  -4140859.3  2481406.8 -5248752.9  174.7   38.7   20.8  1.020  0.038  0.009   79.9    5.9    1.2
 78160.0  -3294350.8   756787.4 -6277326.7  155.7   38.6   28.0  1.143  0.038  0.023   94.9    5.9    0.7
 78460.0  -2205083.4 -1083899.2 -6690267.5   66.5   38.6   16.9  0.710  0.038  0.018  117.6    5.9    1.5
 78760.0   -980419.4 -2869613.6 -6446869.2   99.7   38.5   11.6  0.562  0.038  0.019   71.7    5.9    2.7
 79060.0    266642.2 -4429441.0 -5570055.5   95.3   38.5    6.8  0.587  0.038  0.018   46.1    5.9    1.2
 79360.0   1427634.1 -5608723.4 -4144648.2   71.2   38.5    5.5  0.215  0.038  0.016   29.0    5.9    1.3
 79660.0   2407953.8 -6284696.0 -2309854.7   27.2   38.5    7.3  0.150  0.038  0.008   15.8    5.9    6.1
 79960.0   3134533.6 -6379889.4  -246320.0   29.9   38.6    8.3  0.097  0.038  0.011   60.1    5.9    0.2
 80260.0   3561261.8 -5871667.0  1841612.0   46.1   38.6   10.1  0.380  0.038  0.007  125.9    5.9    0.1
 80560.0   3671481.5 -4796219.5  3746633.1   33.6   38.6   10.4  0.319  0.038  0.005   97.7    5.9    0.4
 80860.0   3477290.6 -3246182.2  5279750.8  102.3   38.6   10.0  0.195  0.038  0.007   28.9    5.9    0.9
 81160.0   3015942.0 -1362202.6  6289416.5   32.2   38.5    7.3  0.861  0.038  0.008   27.6    5.9    0.5
 81460.0   2344074.7   680514.4  6676467.4   68.5   38.5    6.1  0.663  0.038  0.008   21.2    5.9    1.6
 81760.0   1530762.0  2688963.0  6403465.8   21.1   38.4    4.2  0.391  0.038  0.012   70.3    5.9    4.4
 82060.0    650262.3  4470792.0  5497959.2   47.8   38.4    4.3  0.137  0.038  0.011  113.9    5.9    3.5
 82360.0   -224753.6  5852795.5  4049623.7   35.3   38.4    6.8  0.245  0.038  0.011   91.2    5.9    5.9
 82660.0  -1029018.0  6697969.8  2201547.8   59.7   38.4   15.4  0.318  0.038  0.016   70.2    5.9    0.1
 82960.0  -1709165.7  6919488.7   136214.2   41.3   38.5   16.4  0.544  0.038  0.016   22.9    5.9    1.9
 83260.0  -2226609.6  6489945.4 -1942587.1   13.7   38.5   17.2  0.278  0.038  0.010   51.9    5.9    2.1
 83560.0  -2558718.8  5444657.0 -3830173.8  175.1   38.5   35.6  0.261  0.038  0.032   56.2    5.9    0.2
 83860.0  -2698318.0  3878372.0 -5341375.8   35.7   38.5   34.4  0.415  0.038  0.029   68.3    5.9    0.8
 84160.0  -2651777.8  1936196.2 -6328393.7   65.3   38.4   24.7  0.395  0.038  0.025   92.2    5.9    0.0
 84460.0  -2436296.8  -200217.4 -6694792.3   41.3   38.4   23.6  0.733  0.038  0.030   98.2    5.9    1.1
 84760.0  -2076869.7 -2329674.5 -6404395.8   45.8   38.4   21.7  0.068  0.038  0.031   69.8    5.9    0.9
 85060.0  -1603458.5 -4250021.2 -5484700.5   90.7   38.4   14.3  0.264  0.038  0.025   58.2    5.9    5.3
 85360.0  -1048677.1 -5777103.4 -4024738.5   43.4   38.4   15.5  5.775  0.038  0.019   37.8    5.9    2.6
 85660.0   -446037.9 -6762731.4 -2167193.9  100.4   38.5   18.7  0.521  0.038  0.017   36.1    5.9    6.5
 85960.0    171288.4 -7109838.8   -95017.0   60.9   38.5   20.4  0.111  0.038  0.013   18.1    5.9    1.5
