GPS/MET Real Time Orbit Determination

 Initial Epoch:           1996/10/01  00:05:29.000
 Inertial position:       -2915758.858    4622150.287   -4581931.300
 Inertial velocity:        -529.964911   -5411.837062   -5119.305700

 Gravity field order:  10
 Step size:            60.0 s
 Measurement sigma:    100.0 m
 A priori pos. sigma:  1000.0 m
 A priori vel. sigma:  10.0000 m/s
 State noise position: 0.0 m
 State noise velocity: 0.0000 m/s
 Edit level (sigma):   3.0


   Time      x(WGS)     y(WGS)     z(WGS)       Position [m]        Velocity [m/s]    Semi-major axis [m] 
    [s]        [m]        [m]        [m]     Meas. Sigma  Estim. Meas.  Sigma  Estim.  Meas. Sigma  Estim.
   300.0  -2249237.1  3370124.8 -5867671.8   72.3  173.1   72.2  0.740  5.506  0.293   97.4 6127.7  119.0
   600.0  -2411673.5  1317003.1 -6577762.2   13.5  172.3   14.5  0.497  0.798  0.199  109.7  886.8  173.7
   900.0  -2431847.2  -860282.6 -6642858.1   48.4  157.6   38.6  0.272  0.407  0.111   94.7  459.4   62.1
  1200.0  -2308577.7 -2955968.8 -6055956.1   25.6  144.4   28.1  0.499  0.264  0.080   70.7  297.7  133.0
  1500.0  -2045458.7 -4771365.2 -4873456.4   53.2  133.5   40.2  0.290  0.196  0.076   54.7  213.2  126.9
  1800.0  -1651584.7 -6133825.9 -3210292.7   61.9  124.3   58.3  0.359  0.159  0.100   55.7  160.8  141.0
  2100.0  -1142303.1 -6913525.1 -1229659.6  253.6  116.4  106.4  1.499  0.139  0.072   59.6  124.6   71.2
  3152.0   1158082.8 -4558220.6  5327967.0  497.4* 307.8  172.2  6.794  0.354  0.238 1621.6  124.0   71.0
  3460.0   1817164.8 -2662874.0  6333610.9   51.9  125.4   43.9  0.495  0.134  0.130   82.3   53.7   23.3
  3760.0   2365879.4  -576306.5  6678530.4   85.8  103.1   31.2  0.490  0.117  0.115  127.2   40.5    3.7
  4060.0   2774509.6  1545886.1  6363212.9  103.0   92.9   64.5  0.745  0.110  0.115    4.9   32.1   18.3
  4360.0   3000282.4  3502606.3  5419295.2   59.4   88.0   86.2  0.149  0.102  0.102    3.0   26.0   18.1
  4660.0   3009929.0  5110799.7  3940224.1   38.8   85.5   83.5  0.282  0.094  0.073   64.1   21.3    3.9
  4960.0   2784087.2  6222804.3  2072187.1  679.4* 103.5  100.3  5.597  0.103  0.077   38.3   21.3    8.2
  5260.0   2321139.6  6740235.4     -392.1   47.6   91.2   68.7  0.112  0.086  0.032    5.4   16.1    1.7
  5560.0   1639757.0  6623001.6 -2072961.7   46.7   83.5   52.5  0.405  0.077  0.022   71.8   13.1    4.6
  5860.0    779553.8  5892204.0 -3941503.7   30.8   77.3   39.5  2.949  0.072  0.038  166.4   11.0    4.0
  6160.0   -200415.7  4626737.7 -5422749.3   19.2   72.1   24.6  0.946  0.070  0.048  159.8    9.5    4.4
  6460.0  -1225156.1  2954342.2 -6371877.7   46.4   67.7   13.8  0.366  0.068  0.052   73.4    8.4    4.3
  6760.0  -2209122.4  1038296.9 -6696174.6   76.3   64.3   13.7  0.265  0.067  0.055   82.2    7.5    0.6
  7060.0  -3063104.8  -938636.3 -6363557.4   46.7   61.9   28.4  0.447  0.065  0.049   27.7    6.8    6.8
  7360.0  -3702032.2 -2791254.9 -5405656.2   20.3   60.5   35.6  0.205  0.062  0.036   83.1    6.2    1.7
  7660.0  -4053460.6 -4349103.6 -3915254.7   65.2   59.5   44.5  0.219  0.059  0.025   94.6    5.8    4.3
  7960.0  -4065888.3 -5472269.8 -2038046.4   67.4   58.5   50.4  0.202  0.055  0.010   69.9    5.4    3.1
  8260.0  -3715923.5 -6064494.2    41009.5   45.4   57.2   41.7  0.487  0.053  0.008   56.3    5.2    3.2
  8560.0  -3013144.3 -6082151.5  2115945.3   18.9   55.5   35.7  0.904  0.051  0.021   44.9    4.9    0.8
  8860.0  -2001751.3 -5537633.1  3980748.8   34.4   53.4   22.5  0.346  0.050  0.032   37.7    4.8    3.5
  9160.0   -758382.2 -4496737.2  5450469.1   32.3   51.4   13.0  0.947  0.050  0.033   33.1    4.6    4.6
  9460.0    613636.9 -3070490.3  6379921.2   81.1   49.6    4.3  0.383  0.050  0.036   47.2    4.5    0.5
  9760.0   1993097.9 -1402667.2  6677908.1   81.5   48.5    3.9  0.514  0.050  0.037  138.7    4.4    4.5
 10060.0   3251703.5   345138.8  6315728.1   45.2   48.1   13.1  1.218  0.050  0.036  144.6    4.3    2.8
 10360.0   4266075.8  2009374.5  5329663.6   66.5   48.2   26.5  0.648  0.049  0.037  140.2    4.2    3.4
 10660.0   4929941.1  3439898.5  3817303.3   38.7   48.7   32.8  0.571  0.048  0.030   82.2    4.0    1.5
 10960.0   5165398.7  4513585.1  1928081.0   97.2   49.1   39.6  0.214  0.047  0.030   19.8    3.8    2.1
 11260.0   4932121.0  5145043.1  -151426.5   58.5   49.2   39.4  0.421  0.046  0.024   67.8    3.6    2.2
 11560.0   4233167.6  5293346.4 -2216063.5  149.7   48.8   32.9  0.513  0.045  0.010   65.0    3.4    3.2
 11860.0   3116531.9  4964058.3 -4062610.4   75.9   48.1   31.1  1.131  0.045  0.017    0.9    3.3    2.6
 12160.0   1672021.2  4206480.0 -5509971.1   64.9   47.1   28.6  0.265  0.045  0.026   23.2    3.1    1.9
 12460.0     23950.8  3106735.3 -6416654.9   88.0   46.0   29.8  0.273  0.045  0.038   23.1    3.0    4.4
 12760.0  -1679578.7  1777857.2 -6694072.6   77.9   45.0   29.2  0.343  0.045  0.044   84.1    2.9    0.2
 13060.0  -3279823.1   348117.9 -6314693.3   41.2   44.3   30.3  0.675  0.044  0.049   90.4    2.8    4.1
 13360.0  -4621877.3 -1051151.6 -5314699.9   36.3   43.7   30.6  0.140  0.043  0.047   52.1    2.7    2.5
 13660.0  -5569585.4 -2297408.1 -3791026.6   47.2   43.3   31.7  0.321  0.042  0.039   21.0    2.6    5.4
 13960.0  -6019674.4 -3287582.1 -1892736.8   64.6   42.9   36.0  0.265  0.041  0.031   35.5    2.5    2.4
 14260.0  -5913612.5 -3946744.7   193041.2   41.9   42.4   38.5  0.370  0.040  0.025   32.0    2.4    3.4
 14560.0  -5245483.2 -4233883.4  2259615.7   70.8   41.6   40.4  0.896  0.039  0.024   65.8    2.3    3.3
 14860.0  -4064491.2 -4144032.8  4101793.3   60.3   40.7   39.2  0.170  0.039  0.022   85.6    2.2    2.2
 15160.0  -2471439.7 -3706541.3  5536919.8  117.2   39.7   40.9  1.458  0.039  0.040   56.7    2.2    3.1
 15460.0   -609679.7 -2979883.0  6423282.0   46.2   38.9   36.2  0.348  0.039  0.048   85.0    2.2    0.3
 15760.0   1348407.4 -2043989.3  6673968.9   15.4   38.3   33.4  0.210  0.039  0.051    3.9    2.2    6.8
 16060.0   3217719.4  -991223.6  6264949.0   66.1   38.1   32.8  0.440  0.039  0.048   67.9    2.1    3.6
 16360.0   4818033.1    82842.3  5237089.0   34.4   38.2   34.3  0.420  0.038  0.045   58.7    2.1    3.8
 16660.0   5991513.4  1088094.8  3692090.9   42.9   38.4   35.4  0.772  0.038  0.039   25.7    2.0    2.0
 16960.0   6618548.0  1947306.9  1782594.7   49.0   38.7   36.6  0.183  0.037  0.030   34.8    2.0    6.8
 17260.0   6630321.9  2601782.7  -302820.2   43.0   38.9   39.5  0.383  0.037  0.030   96.4    1.9    1.9
 17560.0   6016563.9  3014809.0 -2358426.8   37.7   38.8   37.2  0.740  0.037  0.027   80.2    1.8    2.8
 17860.0   4827334.7  3172682.1 -4181954.8   71.0   38.5   31.0  0.112  0.037  0.023   40.4    1.8    0.6
 18160.0   3168629.2  3083357.8 -5594600.9   35.3   38.1   26.3  0.259  0.036  0.022   23.7    1.7    3.3
 18460.0   1192463.6  2773180.4 -6458280.9   67.8   37.5   18.8  0.284  0.036  0.026   47.7    1.7    0.8
 18760.0   -917327.6  2282396.0 -6688579.3   71.5   37.0   15.4  0.485  0.036  0.027  107.7    1.7    0.7
 19060.0  -2962051.1  1660171.5 -6262527.1   43.6   36.6   13.7  0.301  0.036  0.031  126.7    1.6    3.2
 19360.0  -4746554.6   959731.2 -5220850.0   33.5   36.3   20.3  0.157  0.036  0.032   89.7    1.6    2.3
 19660.0  -6097683.4   234023.2 -3664613.3   87.1   36.0   20.6  0.739  0.035  0.023    8.3    1.6    3.7
 19960.0  -6881501.6  -467899.9 -1746153.6   20.1   35.8   25.2  0.336  0.034  0.018    4.5    1.5    2.2
 20260.0  -7017408.5 -1103622.4   345304.7   54.4   35.5   30.4  0.819  0.034  0.011   26.6    1.5    3.3
 20560.0  -6487317.6 -1639178.2  2402444.4   39.4   35.0   28.5  0.443  0.033  0.005   34.7    1.4    1.8
 20860.0  -5338299.7 -2049856.8  4221003.9   11.8   34.5   25.7  0.814  0.033  0.010   67.7    1.4    0.9
 21160.0  -3678183.1 -2320037.2  5620705.3   39.1   33.9   21.6  1.196  0.033  0.014   66.0    1.4    1.2
 21460.0  -1664698.5 -2442321.6  6463397.0   16.1   33.4   16.3  0.185  0.033  0.018   70.0    1.4    3.7
 21760.0    510279.4 -2416296.3  6666509.6   72.8   33.0   11.5  0.078  0.033  0.020   57.7    1.4    0.7
 22060.0   2639490.4 -2247330.7  6210714.0   62.4   32.8   13.2  0.399  0.033  0.024   54.4    1.4    2.3
 22360.0   4520189.9 -1945712.8  5141467.0   65.7   32.8   18.4  0.339  0.033  0.026   82.7    1.4    2.2
 22660.0   5973546.0 -1526292.5  3564533.5    4.8   33.0   23.5  0.169  0.032  0.028   54.7    1.3    2.7
 22960.0   6861942.8 -1008510.7  1635702.0   28.6   33.2   28.0  0.332  0.032  0.028   32.9    1.3    1.9
 23260.0   7102427.4  -416625.8  -454544.8   31.3   33.4   33.7  0.174  0.032  0.028    9.6    1.2    1.1
 23560.0   6674756.3   220142.7 -2500032.6   29.2   33.4   36.6  0.287  0.032  0.024    5.6    1.2    1.2
 23860.0   5622973.6   867793.7 -4299524.1   20.8   33.2   37.1  0.320  0.032  0.019    5.7    1.2    2.3
 24160.0   4050400.9  1488238.8 -5676612.1   31.9   32.9   35.6  0.279  0.032  0.017   27.8    1.1    1.9
 24460.0   2108887.4  2040609.1 -6496710.8   39.1   32.5   30.6  0.428  0.032  0.017   24.1    1.1    2.2
 24760.0    -16184.7  2483267.3 -6679635.6   72.8   32.2   25.1  0.565  0.032  0.019   11.6    1.1    2.6
 25060.0  -2123517.9  2776568.1 -6207003.5   54.7   31.9   19.1  0.621  0.031  0.027   68.2    1.1    0.4
 25360.0  -4014657.7  2886311.7 -5124092.1   73.6   31.7   12.0  0.541  0.031  0.030   65.2    1.1    2.1
 25660.0  -5512506.0  2787688.4 -3536042.9    6.2   31.6    9.0  0.221  0.031  0.034    0.8    1.1    1.4
 25960.0  -6478241.3  2469306.3 -1598413.0   63.1   31.5   14.2  0.322  0.030  0.034   56.1    1.1    0.5
 26260.0  -6824991.4  1936635.8   497600.9   25.5   31.3   22.2  0.493  0.030  0.030   31.6    1.0    0.5
 26560.0  -6526491.4  1214151.0  2544177.8   64.1   31.0   30.3  0.338  0.030  0.024   21.5    1.0    0.3
 26860.0  -5619334.9   345580.2  4338108.0   43.2   30.6   35.5  0.764  0.030  0.016   54.3    1.0    0.0
 27160.0  -4198426.2  -607992.2  5701605.9   22.0   30.2   37.0  1.622  0.030  0.014   45.2    1.0    1.1
 27460.0  -2406389.9 -1572075.4  6500154.6   58.2   29.8   33.6  7.942  0.029  0.026   57.8    1.0    1.6
 27760.0   -418544.7 -2464449.9  6655562.3   19.9   29.5   27.2  0.251  0.029  0.039   83.0    1.0    2.5
 28060.0   1574736.6 -3202128.4  6153212.1   51.4   29.4   22.4  0.227  0.029  0.042   40.7    1.0    1.3
 28360.0   3386405.3 -3709072.3  5043142.9   41.4   29.4   21.1  0.147  0.029  0.043    9.5    1.0    1.0
 28660.0   4850330.7 -3924081.0  3435129.4  146.0   29.5   27.6  0.952  0.029  0.041   10.7    1.0    2.4
 28960.0   5836747.1 -3808113.6  1488012.5   82.0   29.7   33.0  0.243  0.029  0.033   15.4    0.9    0.6
 29260.0   6264018.3 -3350055.3  -605934.3   29.0   29.8   38.4  0.767  0.029  0.027   20.5    0.9    0.8
 29560.0   6105471.8 -2570062.9 -2640205.8   40.4   29.8   42.2  0.582  0.029  0.018   34.5    0.9    2.6
 29860.0   5390480.2 -1519838.2 -4414724.2   44.6   29.7   43.0  0.326  0.028  0.013   17.9    0.9    0.7
 30160.0   4199827.7  -279646.1 -5755578.1   82.0   29.5   41.7  0.493  0.028  0.015    9.1    0.9    1.7
 30460.0   2656240.8  1047634.6 -6531737.8  158.9   29.3   41.3  0.917  0.028  0.025    4.5    0.9    1.7
 30760.0    911451.5  2344854.9 -6667292.7   84.9   29.0   36.4  1.586  0.028  0.030    0.9    0.9    1.5
 31060.0   -868648.6  3490681.5 -6148436.1    8.4   28.8   34.1  0.264  0.028  0.036   56.8    0.9    1.3
 31360.0  -2519532.7  4370727.4 -5024950.6  103.3   28.7   36.2  0.378  0.028  0.042  103.2    0.9    1.0
 31660.0  -3893070.7  4889002.6 -3406003.0   94.1   28.6   42.7  0.337  0.028  0.050   78.2    0.9    0.4
 31960.0  -4870984.1  4978651.2 -1450271.5    9.4   28.5   45.6  0.283  0.028  0.052   26.2    0.8    2.1
 32260.0  -5375495.1  4610672.3   649186.5   29.4   28.4   48.2  0.437  0.027  0.046   56.6    0.8    0.7
 32560.0  -5375924.9  3799262.9  2684157.0  131.8   28.2   47.3  1.656  0.027  0.038   23.2    0.8    0.5
 32860.0  -4890261.1  2602650.3  4452589.8  119.2   27.9   50.5  1.177  0.027  0.034   28.5    0.8    2.4
 33160.0  -3981485.5  1119119.1  5779257.2   51.8   27.6   49.1  0.591  0.027  0.029   39.0    0.8    0.5
 33460.0  -2749379.0  -521381.5  6533335.8   40.8   27.3   46.1  0.254  0.027  0.030   48.2    0.8    4.0
 33760.0  -1319128.7 -2168959.2  6641047.3   58.3   27.1   39.8  0.138  0.027  0.036   80.5    0.8    0.1
 34060.0    171722.9 -3667666.7  6092469.4   20.8   27.0   30.8  0.234  0.027  0.045  108.8    0.8    3.7
 34360.0   1586644.6 -4870344.4  4942197.9   17.5   27.0   21.9  0.462  0.027  0.050   90.9    0.8    3.7
 34660.0   2802603.6 -5653179.8  3303969.2   51.4   27.1   16.7  0.281  0.027  0.049  100.3    0.8    0.4
 34960.0   3720766.9 -5928711.1  1339603.3   49.2   27.2   21.7  0.484  0.026  0.048   74.1    0.8    0.0
 35260.0   4274469.1 -5655785.7  -756947.4   47.5   27.3   30.2  0.204  0.026  0.043   64.8    0.7    3.3
 35560.0   4433707.0 -4845131.4 -2778962.9   35.0   27.4   38.9  0.114  0.026  0.041   73.8    0.7    1.3
 35860.0   4205729.1 -3559677.7 -4527625.5  103.0   27.3   48.4  0.921  0.026  0.043   86.5    0.7    2.7
 36160.0   3631855.1 -1909527.1 -5831609.2  179.6   27.1   47.8  1.783  0.026  0.044   32.3    0.7    0.9
 36460.0   2781215.5   -42198.3 -6563523.9   23.0   26.9   52.3  0.172  0.026  0.050   19.4    0.7    1.5
 36760.0   1742505.9  1870573.1 -6651751.3   55.6   26.7   57.5  7.946  0.026  0.055   14.9    0.7    0.7
 37060.0    614774.7  3648416.3 -6087062.0   66.4   26.5   64.0  0.303  0.026  0.061   44.0    0.7    0.5
 37360.0   -501853.8  5119030.3 -4923695.5   28.0   26.4   69.2  1.402  0.026  0.065   91.9    0.7    0.2
 37660.0  -1514868.3  6134900.8 -3274763.3    5.9   26.4   72.3  0.174  0.026  0.069  132.1    0.7    2.0
 37960.0  -2346906.3  6588590.2 -1301970.5   66.4   26.3   73.9  0.635  0.026  0.070   65.0    0.7    2.9
 38260.0  -2941533.6  6424849.5   799866.0   48.5   26.3   73.3  0.138  0.025  0.066    2.6    0.7    0.7
 38560.0  -3266764.0  5647853.1  2822253.4   49.9   26.2   73.5  0.784  0.025  0.062   38.1    0.7    0.8
 38860.0  -3315927.5  4322184.0  4564373.1   87.7   26.0   67.9  0.170  0.025  0.054   21.7    0.6    2.2
 39160.0  -3105859.0  2567186.4  5853641.7  106.1   25.7   58.8  7.203  0.025  0.046   21.9    0.6    1.0
 39460.0  -2672905.2   545530.9  6562970.2  201.9   25.5   59.2  0.151  0.025  0.049   40.5    0.7    0.0
 39760.0  -2067541.9 -1552468.5  6623010.8  150.1   25.3   53.6  0.421  0.025  0.053   70.2    0.7    2.2
 40060.0  -1348431.0 -3527154.4  6028539.7   32.5   25.2   43.9  0.246  0.025  0.048   96.6    0.7    1.4
 40360.0   -576662.2 -5188626.9  4838674.1   31.3   25.2   33.8  0.535  0.025  0.045   89.9    0.7    0.1
 40660.0    189319.9 -6375139.8  3171057.3   44.0   25.3   27.5  1.358  0.025  0.046   94.0    0.7    0.9
 40960.0    897795.8 -6969175.3  1190418.1   50.9   25.4   25.4  0.054  0.025  0.043   70.5    0.7    2.8
 41260.0   1506665.2 -6909506.0  -907686.2   57.8   25.5   27.4  0.132  0.025  0.039   54.6    0.6    1.4
 41560.0   1985047.1 -6197715.8 -2916405.6   57.0   25.5   28.4  0.336  0.025  0.037   37.6    0.6    2.5
 41860.0   2313584.9 -4898249.5 -4638281.6   43.0   25.5   32.1  0.095  0.025  0.042   39.7    0.6    4.0
 42160.0   2483627.6 -3132062.0 -5904666.4   51.8   25.4   37.7  0.274  0.025  0.046   29.0    0.6    4.7
 42460.0   2495677.1 -1064813.7 -6591852.1   23.5   25.2   43.7  0.640  0.025  0.049   12.2    0.6    0.2
 42760.0   2357534.0  1108855.7 -6632563.6   40.1   25.0   51.1  0.572  0.025  0.055    3.2    0.6    1.7
 43060.0   2082586.4  3183439.6 -6022174.4   20.9   24.9   59.2  0.614  0.024  0.065    8.5    0.6    0.2
 43360.0   1688554.6  4961652.1 -4819377.4   57.4   24.8   66.8  0.229  0.024  0.071   33.9    0.6    2.1
 43660.0   1196769.4  6273179.3 -3141189.1   71.8   24.7   75.1  0.367  0.024  0.076  106.7    0.6    4.8
 43960.0    631868.7  6991535.6 -1152293.1   48.4   24.7   82.0  0.226  0.024  0.079  172.1    0.6    1.9
 44260.0     21705.6  7047190.7   950808.3   32.5   24.7   87.6  0.146  0.024  0.078  150.8    0.6    6.5
 44560.0   -602777.5  6435109.8  2959473.9   29.3   24.6   91.1  0.775  0.024  0.080  107.3    0.6    5.3
 44860.0  -1207925.9  5215485.5  4674271.2   78.5   24.5   89.8  0.508  0.024  0.074   81.5    0.6    1.2
 45160.0  -1758180.6  3507401.6  5925378.1   54.6   24.3   86.7  1.146  0.024  0.075   52.8    0.6    0.4
 45460.0  -2217351.6  1476391.5  6589528.5   43.3   24.1   83.1  0.581  0.024  0.077   30.9    0.6    4.9
 45760.0  -2550448.1  -682323.4  6601866.9  116.0   23.9   76.9  0.344  0.024  0.075    3.5    0.6    0.7
 46060.0  -2726111.3 -2762999.5  5961868.4   44.1   23.8   69.5  0.206  0.024  0.069    1.2    0.6    5.7
 46360.0  -2719547.1 -4569096.6  4733122.0   52.0   23.8   62.9  0.131  0.024  0.068   13.8    0.6    4.5
 46660.0  -2515762.5 -5931963.9  3037099.4   73.9   23.9   57.1  0.577  0.024  0.067   22.5    0.6    4.0
 46960.0  -2112675.2 -6726874.0  1041316.4   43.2   24.0   53.8  0.943  0.023  0.067    4.0    0.6    5.3
 47260.0  -1523547.2 -6884800.3 -1057205.8   56.7   24.1   52.1  0.458  0.023  0.068    8.6    0.6    5.9
 47560.0   -778204.1 -6398555.7 -3051631.4   67.4   24.1   54.2  0.391  0.023  0.066    1.5    0.6    6.4
 47860.0     77337.5 -5322513.0 -4745960.5   82.3   24.1   54.8  0.276  0.023  0.067    6.0    0.5    3.9
 48160.0    982971.8 -3766081.9 -5974288.0  173.3   24.0   63.8  1.099  0.023  0.074   17.6    0.5    4.0
 48460.0   1868174.0 -1882073.5 -6616616.5   91.4   23.9   70.8  0.925  0.023  0.075   51.0    0.6    5.0
 48760.0   2657124.9   148540.8 -6610015.3   20.6   23.7   77.1  1.090  0.023  0.082   59.6    0.6    4.5
 49060.0   3274927.2  2133840.2 -5954437.8   23.3   23.6   83.3  0.160  0.023  0.088   77.6    0.6    4.8
 49360.0   3654616.7  3888777.0 -4712989.0   39.6   23.5   90.7  0.492  0.023  0.088   44.6    0.6    8.9
 49660.0   3744476.1  5252356.7 -3006528.6   46.2   23.5   94.1  0.269  0.023  0.088    3.3    0.6    3.8
 49960.0   3514863.5  6102851.2 -1002609.5   30.6   23.5   96.9  0.385  0.023  0.090   66.4    0.6    5.9
 50260.0   2963571.7  6369404.9  1100689.4   45.1   23.5   97.7  0.315  0.023  0.088  101.6    0.5    6.3
 50560.0   2118701.1  6038523.5  3094668.3   43.0   23.4   96.9  0.214  0.023  0.088   54.9    0.5    3.5
 50860.0   1038359.5  5154424.4  4781370.1   25.0   23.3   95.4  3.928  0.023  0.089   49.7    0.5    0.9
 51160.0   -192962.5  3813230.9  5993796.6  105.8   23.2   90.4  0.574  0.023  0.085   29.4    0.5    5.3
 51460.0  -1471040.5  2151908.1  6612564.6   26.0   23.0   85.8  0.496  0.023  0.085   12.6    0.5    3.0
 51760.0  -2680834.1   333671.2  6577316.6   84.8   22.9   79.7  0.131  0.023  0.081   42.9    0.6    2.2
 52060.0  -3706890.4 -1468402.7  5892212.7   28.9   22.8   75.0  0.109  0.023  0.083   47.2    0.6    5.8
 52360.0  -4444408.4 -3087941.7  4625274.2   25.3   22.8   70.3  0.300  0.023  0.081   16.9    0.6    1.7
 52660.0  -4810059.8 -4380699.1  2901733.8   52.7   22.8   65.3  0.379  0.023  0.075    6.2    0.6    7.4
 52960.0  -4751469.6 -5237534.4   891805.0  170.9   22.9   69.8  0.245  0.022  0.080    6.4    0.5    4.4
 53260.0  -4254203.3 -5593727.2 -1206102.5   97.6   23.0   66.1  0.142  0.022  0.075   21.9    0.5    4.2
 53560.0  -3345185.4 -5433677.9 -3185264.7   16.5   23.0   68.1  0.454  0.022  0.077    6.9    0.5    2.0
 53860.0  -2091956.3 -4790421.3 -4851232.0   67.8   23.0   69.5  0.766  0.022  0.079    3.3    0.5    4.7
 54160.0   -597717.8 -3740301.2 -6040913.8  104.8   22.9   76.6  0.900  0.022  0.081   14.1    0.5    0.7
 54460.0   1007181.3 -2393767.4 -6638089.2   42.1   22.8   81.5  0.413  0.022  0.087    7.1    0.5    4.6
 54760.0   2576502.1  -883614.5 -6584194.9   57.2   22.7   84.5  0.263  0.022  0.090   38.6    0.5    1.0
 55060.0   3961156.3   648002.0 -5883762.2   25.5   22.6   88.3  0.239  0.022  0.094   49.3    0.6    4.9
 55360.0   5023168.4  2062700.9 -4604285.1   38.7   22.5   93.5  0.396  0.022  0.096   51.1    0.6    1.7
 55660.0   5649549.6  3238245.6 -2870404.0   70.2   22.5   98.7  0.439  0.022  0.101   24.5    0.6    3.1
 55960.0   5764794.4  4079248.8  -852465.6   46.0   22.5  101.9  0.414  0.022  0.101   13.0    0.5    6.3
 56260.0   5340396.3  4525198.0  1249984.0   22.2   22.5  104.9  0.437  0.022  0.098    4.8    0.5    3.6
 56560.0   4399837.4  4554807.2  3228281.2   39.1   22.5  106.7  0.302  0.022  0.100    5.7    0.5    0.3
 56860.0   3018074.8  4186165.8  4886031.8  161.5   22.5  108.7  5.744  0.022  0.100    1.8    0.5    2.0
 57160.0   1315382.6  3472732.6  6059155.1   53.4   22.3  107.3  0.216  0.022  0.101   26.5    0.5    4.9
 57460.0   -553675.3  2495945.9  6632197.2   53.7   22.2  102.2  0.383  0.022  0.094   22.1    0.5    1.1
 57760.0  -2414733.3  1355674.8  6549337.3   20.4   22.1   96.5  0.219  0.022  0.090    0.9    0.5    3.5
 58060.0  -4090079.9   159791.2  5819420.5   48.1   22.0   88.2  0.726  0.022  0.087   14.5    0.5    1.2
 58360.0  -5415710.9  -986103.4  4514873.3   28.3   21.9   79.2  0.524  0.022  0.083    4.4    0.5    2.3
 58660.0  -6257563.0 -1987931.9  2764626.9   79.1   22.0   70.9  0.352  0.022  0.081    6.7    0.5    3.3
 58960.0  -6525385.0 -2770720.4   741534.7   13.4   22.0   64.8  0.286  0.022  0.081    3.3    0.5    2.4
 59260.0  -6182702.5 -3283893.4 -1354718.5   82.0   22.1   60.7  0.389  0.022  0.078   33.6    0.5    0.5
 59560.0  -5251499.0 -3503847.1 -3317595.8   37.0   22.2   59.1  0.102  0.022  0.077   60.2    0.5    3.0
 59860.0  -3810878.9 -3433649.2 -4954306.0   80.9   22.2   63.6  0.564  0.022  0.077   90.3    0.5    2.1
 60160.0  -1989950.7 -3100138.8 -6104650.5   14.8   22.1   68.2  0.400  0.022  0.079   99.2    0.5    0.4
 60460.0     44114.9 -2549108.2 -6656257.1   55.0   22.0   73.5  0.542  0.022  0.086   72.9    0.5    1.2
 60760.0   2101454.2 -1839381.3 -6554976.5   31.6   21.9   80.9  0.114  0.022  0.088   40.1    0.5    1.4
 61060.0   3986927.8 -1036602.2 -5809931.0   38.8   21.8   87.2  1.004  0.022  0.092   16.3    0.5    2.3
 61360.0   5518374.8  -207313.6 -4492986.3   78.6   21.7   93.3  5.801  0.022  0.095   25.3    0.5    1.3
 61660.0   6544343.4   586293.4 -2732519.6  121.6   21.7   98.0  0.536  0.022  0.099   19.7    0.5    2.6
 61960.0   6959731.6  1290694.3  -701579.4   53.5   21.7  104.2  0.314  0.022  0.103   33.3    0.5    0.6
 62260.0   6717463.3  1864132.3  1398916.3  121.3   21.8  107.2  0.658  0.021  0.103   16.3    0.5    3.8
 62560.0   5834412.4  2278366.3  3360463.1   99.6   21.8  109.7  0.880  0.021  0.100    0.7    0.5    1.8
 62860.0   4390478.8  2518898.8  4988346.5   72.3   21.7  110.0  0.345  0.021  0.101   10.4    0.5    1.9
 63160.0   2520842.6  2583883.7  6121489.3   24.7   21.7  108.0  0.517  0.021  0.098   58.1    0.5    2.0
 63460.0    402500.6  2482067.0  6648428.8   43.8   21.5  102.7  0.180  0.021  0.090   90.0    0.5    0.2
 63760.0  -1763141.8  2230284.8  6517912.9   66.2   21.4   97.8  0.646  0.021  0.088   91.6    0.5    0.3
 64060.0  -3769688.2  1851034.0  5743477.4   18.0   21.3   88.3  0.343  0.021  0.082   36.2    0.5    3.4
 64360.0  -5425513.5  1370456.8  4401918.4   31.8   21.3   77.9  0.472  0.021  0.076   55.2    0.5    1.0
 64660.0  -6572244.3   816888.4  2625814.6   64.2   21.3   68.8  0.242  0.021  0.075   58.6    0.5    0.5
 64960.0  -7100268.0   219930.7   590573.9   10.9   21.4   57.9  0.234  0.021  0.071   37.8    0.5    0.9
 65260.0  -6959616.5  -390089.5 -1502941.0   29.8   21.4   48.7  0.045  0.021  0.069   26.8    0.5    0.7
 65560.0  -6164819.5  -982450.5 -3448503.3    9.1   21.5   44.2  1.670  0.021  0.067   64.6    0.5    0.6
 65860.0  -4793107.7 -1526331.0 -5055061.1   99.1   21.5   45.4  0.599  0.021  0.066  109.3    0.5    0.9
 66160.0  -2976310.1 -1991233.8 -6165408.3   16.2   21.5   50.2  0.412  0.021  0.066  129.2    0.5    1.4
 66460.0   -887676.1 -2347713.5 -6671081.9   12.1   21.4   56.7  0.200  0.021  0.068  105.8    0.5    1.6
 66760.0   1274746.8 -2568581.8 -6522385.9   17.4   21.2   65.0  0.483  0.021  0.072   56.4    0.5    3.2
 67060.0   3306601.3 -2630736.9 -5733039.1   71.9   21.1   72.1  0.497  0.021  0.069   43.3    0.5    0.1
 67360.0   5016249.8 -2517592.6 -4379251.3   35.3   21.1   79.3  0.405  0.021  0.077   58.7    0.5    3.1
 67660.0   6242956.7 -2221872.4 -2593076.6   62.2   21.1   86.0  0.290  0.021  0.081   70.2    0.5    1.2
 67960.0   6872637.8 -1748329.7  -550186.1   38.6   21.1   90.9  0.715  0.021  0.085   43.4    0.5    3.5
 68260.0   6849390.2 -1115818.5  1547251.6   25.3   21.1   93.3  0.574  0.021  0.085    5.3    0.5    2.6
 68560.0   6181124.9  -358145.8  3491002.2   81.2   21.2   93.3  0.188  0.021  0.090   12.5    0.5    0.2
 68860.0   4938335.9   476659.2  5088141.0  146.9   21.2   90.9 20.775  0.021  0.085   11.0    0.5    2.4
 69160.0   3246161.7  1328765.3  6180683.2   54.6   21.1   87.2  0.407  0.021  0.081   40.4    0.5    1.3
 69460.0   1270989.8  2130494.2  6661213.0   12.9   21.0   82.6  0.780  0.021  0.077  100.3    0.5    0.1
 69760.0   -796553.3  2811529.3  6483068.5   18.8   20.9   75.9  0.259  0.021  0.072  116.0    0.5    0.0
 70060.0  -2760301.6  3305024.5  5664478.0   74.3   20.7   67.8  0.338  0.021  0.070   58.4    0.5    1.3
 70360.0  -4437226.6  3554186.3  4286571.6   60.9   20.7   58.9  0.142  0.021  0.065   14.9    0.5    1.1
 70660.0  -5674609.3  3518784.6  2485502.2   41.9   20.7   51.0  0.158  0.021  0.063    4.3    0.5    2.6
 70960.0  -6364232.1  3180816.1   439142.4   82.7   20.8   44.5  0.359  0.021  0.062    9.8    0.5    1.1
 71260.0  -6452089.3  2548478.3 -1650559.8   24.7   20.9   41.2  0.645  0.021  0.062    4.4    0.5    1.3
 71560.0  -5942498.6  1657747.9 -3577780.5    7.8   20.9   42.8  0.325  0.021  0.067   54.5    0.5    1.2
 71860.0  -4896163.6   571145.3 -5153313.5   36.9   21.0   49.4  0.363  0.020  0.069  114.0    0.5    1.8
 72160.0  -3422645.2  -626275.8 -6223019.3   35.3   20.9   58.6  0.408  0.020  0.074  155.9    0.5    2.4
 72460.0  -1668478.5 -1833350.6 -6682404.2 1153.0*  21.1   70.9 27.081  0.021  0.077  140.7    0.5    2.3
 72760.0    197508.2 -2941072.8 -6486258.9   64.2   21.0   82.8  0.366  0.021  0.086  101.1    0.5    1.3
 73060.0   2000216.2 -3842180.8 -5652915.0  181.9   20.8   88.8  6.083  0.021  0.087   64.8    0.5    3.9
 73360.0   3574445.1 -4441476.6 -4262901.8   60.5   20.7   96.5  0.200  0.021  0.092   59.3    0.5    2.1
 73660.0   4780044.3 -4666027.6 -2451901.8   45.4   20.7  102.5  0.262  0.021  0.093   83.7    0.5    2.5
 73960.0   5514824.6 -4474192.7  -398125.8  110.7   20.7  106.7  0.910  0.021  0.092   88.6    0.5    5.7
 74260.0   5723799.3 -3862167.9  1695110.8   19.6   20.8  106.9  0.252  0.021  0.091   59.9    0.5    0.2
 74560.0   5403522.9 -2866854.1  3619982.3   47.6   20.8  103.7  0.378  0.021  0.093   10.3    0.5    2.7
 74860.0   4600876.1 -1564352.2  5185474.5   76.5   20.8   95.8  0.423  0.020  0.087   36.9    0.5    0.6
 75160.0   3406560.4   -64102.6  6236792.1   50.4   20.7   89.5  0.339  0.020  0.087    4.3    0.5    2.0
 75460.0   1944413.9  1500606.8  6670626.4   32.8   20.6   81.5  0.397  0.020  0.082   61.7    0.5    0.5
 75760.0    358084.5  2984737.4  6444928.7   19.4   20.5   71.9  0.098  0.020  0.075  105.0    0.5    3.8
 76060.0  -1203329.9  4245037.6  5582602.4   85.1   20.4   61.0  0.095  0.020  0.066  111.6    0.5    1.3
 76360.0  -2599345.0  5153929.4  4169076.2   37.0   20.3   52.8  0.567  0.020  0.062   70.4    0.5    3.4
 76660.0  -3710715.4  5612582.3  2344000.8   67.8   20.4   46.2  0.617  0.020  0.058    3.0    0.5    3.2
 76960.0  -4449654.5  5561874.1   287604.5   81.3   20.4   40.3  0.613  0.020  0.053   34.0    0.5    3.7
 77260.0  -4766679.6  4989832.2 -1797185.8   29.9   20.6   35.9  0.370  0.020  0.056   16.7    0.5    0.4
 77560.0  -4653372.0  3934452.9 -3705064.8  108.7   20.6   34.0  0.208  0.020  0.057   45.3    0.5    2.5
 77860.0  -4140830.2  2481373.1 -5248784.3  174.7   20.7   42.0  1.020  0.020  0.061   79.9    0.4    2.4
 78160.0  -3294311.9   756734.5 -6277341.9  155.7   20.7   45.6  1.143  0.020  0.060   94.9    0.5    2.1
 78460.0  -2205047.1 -1083951.2 -6690259.6   66.5   20.6   56.3  0.710  0.020  0.062  117.6    0.5    3.4
 78760.0   -980385.0 -2869665.7 -6446837.7   99.7   20.4   64.7  0.562  0.020  0.066   71.7    0.5    0.8
 79060.0    266668.6 -4429483.9 -5570005.6   95.3   20.3   74.2  0.587  0.020  0.074   46.1    0.5    2.2
 79360.0   1427655.4 -5608756.0 -4144576.3   71.2   20.2   79.9  0.215  0.020  0.077   29.0    0.5    0.4
 79660.0   2407965.7 -6284710.7 -2309769.5   27.2   20.2   85.4  0.150  0.020  0.080   15.8    0.5    8.0
 79960.0   3134534.8 -6379882.1  -246229.1   29.9   20.2   88.7  0.097  0.020  0.079   60.1    0.5    2.0
 80260.0   3561252.3 -5871637.9  1841697.0   46.1   20.3   90.4  0.380  0.020  0.080  125.9    0.5    2.2
 80560.0   3671463.6 -4796170.9  3746704.9   33.6   20.3   89.1  0.319  0.020  0.080   97.7    0.4    1.8
 80860.0   3477267.9 -3246121.7  5279801.3  102.3   20.3   86.6  0.195  0.020  0.083   28.9    0.4    0.9
 81160.0   3015917.2 -1362132.9  6289444.1   32.2   20.3   81.6  0.861  0.020  0.083   27.6    0.5    2.4
 81460.0   2344052.4   680583.0  6676470.9   68.5   20.2   76.8  0.663  0.020  0.079   21.2    0.5    3.1
 81760.0   1530744.6  2689026.0  6403447.6   21.1   20.1   71.2  0.391  0.020  0.074   70.3    0.5    5.6
 82060.0    650251.5  4470844.2  5497923.1   47.8   20.0   65.3  0.137  0.020  0.065  113.9    0.5    4.7
 82360.0   -224757.8  5852833.5  4049573.5   35.3   19.9   59.3  0.245  0.020  0.066   91.2    0.5    7.4
 82660.0  -1029017.3  6697991.1  2201485.6   59.7   19.9   51.8  0.318  0.020  0.055   70.2    0.5    2.2
 82960.0  -1709158.5  6919491.0   136152.8   41.3   20.0   46.6  0.544  0.020  0.055   22.9    0.5    4.0
 83260.0  -2226598.1  6489930.5 -1942641.8   13.7   20.1   41.9  0.278  0.020  0.056   51.9    0.5    0.2
 83560.0  -2558706.7  5444615.3 -3830227.9  175.1   20.2   33.8  0.261  0.020  0.048   56.2    0.4    3.5
 83860.0  -2698304.8  3878316.1 -5341411.5   35.7   20.3   33.5  0.415  0.020  0.051   68.3    0.4    2.8
 84160.0  -2651766.0  1936137.7 -6328406.8   65.3   20.2   37.7  0.395  0.020  0.050   92.2    0.5    2.4
 84460.0  -2436287.2  -200280.3 -6694783.2   41.3   20.1   41.8  0.733  0.020  0.050   98.2    0.5    3.5
 84760.0  -2076862.9 -2329734.3 -6404364.2   45.8   20.0   47.0  0.068  0.020  0.051   69.8    0.5    3.1
 85060.0  -1603456.7 -4250066.7 -5484653.5   90.7   19.9   54.0  0.264  0.020  0.053   58.2    0.5    6.4
 85360.0  -1048679.4 -5777133.5 -4024680.2   43.4   19.8   59.6  5.775  0.020  0.054   37.8    0.5    3.0
 85660.0   -446041.2 -6762744.8 -2167124.3  100.4   19.8   61.8  0.521  0.020  0.053   36.1    0.5    7.3
 85960.0    171284.6 -7109832.8   -94944.9   60.9   19.8   62.8  0.111  0.020  0.055   18.1    0.5    0.6
